{"/home/travis/build/npmtest/node-npmtest-rc-slider/test.js":{"path":"/home/travis/build/npmtest/node-npmtest-rc-slider/test.js","s":{"1":2,"2":2,"3":2,"4":2,"5":2,"6":2,"7":2,"8":1,"9":2,"10":2,"11":1,"12":1,"13":1,"14":1,"15":2,"16":2,"17":2,"18":2,"19":1,"20":1,"21":2,"22":2,"23":2,"24":1,"25":1,"26":1,"27":1,"28":1,"29":1,"30":1,"31":1,"32":1,"33":1,"34":1,"35":1,"36":1,"37":1,"38":1,"39":2,"40":2,"41":1,"42":2,"43":2,"44":1,"45":2,"46":2,"47":1,"48":2,"49":2,"50":1,"51":1,"52":1,"53":1,"54":1},"b":{"1":[2,1,1,1],"2":[1,1,1,1],"3":[1,1],"4":[1,1],"5":[1,1],"6":[1,1],"7":[1,1],"8":[1,1],"9":[1,1],"10":[1,1,1],"11":[1,1],"12":[1,1],"13":[1,1],"14":[1,1],"15":[1,1],"16":[1,1],"17":[1,1]},"f":{"1":2,"2":2,"3":2,"4":2,"5":2,"6":1,"7":1,"8":1,"9":2,"10":2,"11":2,"12":2,"13":1},"fnMap":{"1":{"name":"(anonymous_1)","line":12,"loc":{"start":{"line":12,"column":1},"end":{"line":12,"column":13}}},"2":{"name":"(anonymous_2)","line":19,"loc":{"start":{"line":19,"column":5},"end":{"line":19,"column":17}}},"3":{"name":"(anonymous_3)","line":23,"loc":{"start":{"line":23,"column":24},"end":{"line":23,"column":36}}},"4":{"name":"(anonymous_4)","line":61,"loc":{"start":{"line":61,"column":5},"end":{"line":61,"column":17}}},"5":{"name":"(anonymous_5)","line":82,"loc":{"start":{"line":82,"column":5},"end":{"line":82,"column":17}}},"6":{"name":"(anonymous_6)","line":91,"loc":{"start":{"line":91,"column":77},"end":{"line":94,"column":10}}},"7":{"name":"(anonymous_7)","line":112,"loc":{"start":{"line":112,"column":83},"end":{"line":115,"column":10}},"skip":true},"8":{"name":"(anonymous_8)","line":123,"loc":{"start":{"line":123,"column":77},"end":{"line":126,"column":10}},"skip":true},"9":{"name":"(anonymous_9)","line":139,"loc":{"start":{"line":139,"column":12},"end":{"line":139,"column":40}},"skip":true},"10":{"name":"(anonymous_10)","line":147,"loc":{"start":{"line":147,"column":77},"end":{"line":150,"column":10}},"skip":true},"11":{"name":"(anonymous_11)","line":158,"loc":{"start":{"line":158,"column":83},"end":{"line":161,"column":10}},"skip":true},"12":{"name":"(anonymous_12)","line":169,"loc":{"start":{"line":169,"column":79},"end":{"line":172,"column":10}},"skip":true},"13":{"name":"(anonymous_13)","line":180,"loc":{"start":{"line":180,"column":75},"end":{"line":183,"column":10}},"skip":true}},"statementMap":{"1":{"start":{"line":12,"column":0},"end":{"line":195,"column":5}},"2":{"start":{"line":14,"column":4},"end":{"line":14,"column":14}},"3":{"start":{"line":19,"column":4},"end":{"line":56,"column":9}},"4":{"start":{"line":21,"column":8},"end":{"line":21,"column":19}},"5":{"start":{"line":23,"column":8},"end":{"line":35,"column":13}},"6":{"start":{"line":24,"column":12},"end":{"line":34,"column":13}},"7":{"start":{"line":25,"column":16},"end":{"line":28,"column":30}},"8":{"start":{"line":30,"column":16},"end":{"line":33,"column":27}},"9":{"start":{"line":37,"column":8},"end":{"line":39,"column":21}},"10":{"start":{"line":40,"column":8},"end":{"line":53,"column":9}},"11":{"start":{"line":43,"column":12},"end":{"line":46,"column":14}},"12":{"start":{"line":47,"column":12},"end":{"line":47,"column":18}},"13":{"start":{"line":50,"column":12},"end":{"line":51,"column":33}},"14":{"start":{"line":52,"column":12},"end":{"line":52,"column":18}},"15":{"start":{"line":55,"column":8},"end":{"line":55,"column":35}},"16":{"start":{"line":61,"column":4},"end":{"line":63,"column":9}},"17":{"start":{"line":62,"column":8},"end":{"line":62,"column":15}},"18":{"start":{"line":64,"column":4},"end":{"line":77,"column":5}},"19":{"start":{"line":70,"column":8},"end":{"line":70,"column":14}},"20":{"start":{"line":76,"column":8},"end":{"line":76,"column":14}},"21":{"start":{"line":82,"column":4},"end":{"line":84,"column":9}},"22":{"start":{"line":83,"column":8},"end":{"line":83,"column":15}},"23":{"start":{"line":85,"column":4},"end":{"line":194,"column":5}},"24":{"start":{"line":91,"column":8},"end":{"line":99,"column":10}},"25":{"start":{"line":98,"column":12},"end":{"line":98,"column":35}},"26":{"start":{"line":102,"column":8},"end":{"line":104,"column":63}},"27":{"start":{"line":105,"column":8},"end":{"line":105,"column":14}},"28":{"start":{"line":112,"column":8},"end":{"line":121,"column":10},"skip":true},"29":{"start":{"line":119,"column":12},"end":{"line":119,"column":55},"skip":true},"30":{"start":{"line":120,"column":12},"end":{"line":120,"column":48},"skip":true},"31":{"start":{"line":123,"column":8},"end":{"line":136,"column":10},"skip":true},"32":{"start":{"line":130,"column":12},"end":{"line":130,"column":76},"skip":true},"33":{"start":{"line":131,"column":12},"end":{"line":131,"column":73},"skip":true},"34":{"start":{"line":132,"column":12},"end":{"line":132,"column":74},"skip":true},"35":{"start":{"line":133,"column":12},"end":{"line":133,"column":79},"skip":true},"36":{"start":{"line":134,"column":12},"end":{"line":134,"column":25},"skip":true},"37":{"start":{"line":135,"column":12},"end":{"line":135,"column":45},"skip":true},"38":{"start":{"line":138,"column":8},"end":{"line":145,"column":14},"skip":true},"39":{"start":{"line":143,"column":16},"end":{"line":143,"column":29},"skip":true},"40":{"start":{"line":144,"column":16},"end":{"line":144,"column":55},"skip":true},"41":{"start":{"line":147,"column":8},"end":{"line":156,"column":10},"skip":true},"42":{"start":{"line":154,"column":12},"end":{"line":154,"column":25},"skip":true},"43":{"start":{"line":155,"column":12},"end":{"line":155,"column":45},"skip":true},"44":{"start":{"line":158,"column":8},"end":{"line":167,"column":10},"skip":true},"45":{"start":{"line":165,"column":12},"end":{"line":165,"column":25},"skip":true},"46":{"start":{"line":166,"column":12},"end":{"line":166,"column":48},"skip":true},"47":{"start":{"line":169,"column":8},"end":{"line":178,"column":10},"skip":true},"48":{"start":{"line":176,"column":12},"end":{"line":176,"column":25},"skip":true},"49":{"start":{"line":177,"column":12},"end":{"line":177,"column":46},"skip":true},"50":{"start":{"line":180,"column":8},"end":{"line":189,"column":10},"skip":true},"51":{"start":{"line":187,"column":12},"end":{"line":187,"column":94},"skip":true},"52":{"start":{"line":188,"column":12},"end":{"line":188,"column":48},"skip":true},"53":{"start":{"line":192,"column":8},"end":{"line":192,"column":35},"skip":true},"54":{"start":{"line":193,"column":8},"end":{"line":193,"column":14},"skip":true}},"branchMap":{"1":{"line":25,"type":"binary-expr","locations":[{"start":{"line":25,"column":23},"end":{"line":25,"column":62}},{"start":{"line":26,"column":20},"end":{"line":26,"column":70}},{"start":{"line":27,"column":20},"end":{"line":27,"column":71}},{"start":{"line":28,"column":20},"end":{"line":28,"column":29}}]},"2":{"line":30,"type":"binary-expr","locations":[{"start":{"line":30,"column":23},"end":{"line":30,"column":37}},{"start":{"line":31,"column":20},"end":{"line":31,"column":61}},{"start":{"line":32,"column":20},"end":{"line":32,"column":70}},{"start":{"line":33,"column":20},"end":{"line":33,"column":26}}]},"3":{"line":37,"type":"cond-expr","locations":[{"start":{"line":38,"column":14},"end":{"line":38,"column":20}},{"start":{"line":39,"column":14},"end":{"line":39,"column":20}}]},"4":{"line":40,"type":"switch","locations":[{"start":{"line":42,"column":8},"end":{"line":47,"column":18}},{"start":{"line":49,"column":8},"end":{"line":52,"column":18}}]},"5":{"line":44,"type":"binary-expr","locations":[{"start":{"line":44,"column":16},"end":{"line":44,"column":44}},{"start":{"line":44,"column":48},"end":{"line":44,"column":66}}]},"6":{"line":50,"type":"binary-expr","locations":[{"start":{"line":50,"column":21},"end":{"line":50,"column":49}},{"start":{"line":50,"column":53},"end":{"line":50,"column":72}}]},"7":{"line":64,"type":"switch","locations":[{"start":{"line":69,"column":4},"end":{"line":70,"column":14}},{"start":{"line":75,"column":4},"end":{"line":76,"column":14}}]},"8":{"line":85,"type":"switch","locations":[{"start":{"line":90,"column":4},"end":{"line":105,"column":14}},{"start":{"line":111,"column":4},"end":{"line":193,"column":14},"skip":true}]},"9":{"line":91,"type":"binary-expr","locations":[{"start":{"line":91,"column":42},"end":{"line":91,"column":73}},{"start":{"line":91,"column":77},"end":{"line":99,"column":9}}]},"10":{"line":102,"type":"binary-expr","locations":[{"start":{"line":102,"column":18},"end":{"line":102,"column":32}},{"start":{"line":103,"column":12},"end":{"line":103,"column":53}},{"start":{"line":104,"column":12},"end":{"line":104,"column":61}}]},"11":{"line":112,"type":"binary-expr","locations":[{"start":{"line":112,"column":45},"end":{"line":112,"column":79},"skip":true},{"start":{"line":112,"column":83},"end":{"line":121,"column":9},"skip":true}]},"12":{"line":123,"type":"binary-expr","locations":[{"start":{"line":123,"column":42},"end":{"line":123,"column":73},"skip":true},{"start":{"line":123,"column":77},"end":{"line":136,"column":9},"skip":true}]},"13":{"line":138,"type":"binary-expr","locations":[{"start":{"line":138,"column":48},"end":{"line":138,"column":85},"skip":true},{"start":{"line":139,"column":12},"end":{"line":145,"column":13},"skip":true}]},"14":{"line":147,"type":"binary-expr","locations":[{"start":{"line":147,"column":42},"end":{"line":147,"column":73},"skip":true},{"start":{"line":147,"column":77},"end":{"line":156,"column":9},"skip":true}]},"15":{"line":158,"type":"binary-expr","locations":[{"start":{"line":158,"column":45},"end":{"line":158,"column":79},"skip":true},{"start":{"line":158,"column":83},"end":{"line":167,"column":9},"skip":true}]},"16":{"line":169,"type":"binary-expr","locations":[{"start":{"line":169,"column":43},"end":{"line":169,"column":75},"skip":true},{"start":{"line":169,"column":79},"end":{"line":178,"column":9},"skip":true}]},"17":{"line":180,"type":"binary-expr","locations":[{"start":{"line":180,"column":41},"end":{"line":180,"column":71},"skip":true},{"start":{"line":180,"column":75},"end":{"line":189,"column":9},"skip":true}]}},"code":["/* istanbul instrument in package npmtest_rc_slider */","/*jslint","    bitwise: true,","    browser: true,","    maxerr: 8,","    maxlen: 96,","    node: true,","    nomen: true,","    regexp: true,","    stupid: true","*/","(function () {","    'use strict';","    var local;","","","","    // run shared js-env code - pre-init","    (function () {","        // init local","        local = {};","        // init modeJs","        local.modeJs = (function () {","            try {","                return typeof navigator.userAgent === 'string' &&","                    typeof document.querySelector('body') === 'object' &&","                    typeof XMLHttpRequest.prototype.open === 'function' &&","                    'browser';","            } catch (errorCaughtBrowser) {","                return module.exports &&","                    typeof process.versions.node === 'string' &&","                    typeof require('http').createServer === 'function' &&","                    'node';","            }","        }());","        // init global","        local.global = local.modeJs === 'browser'","            ? window","            : global;","        switch (local.modeJs) {","        // re-init local from window.local","        case 'browser':","            local = local.global.utility2.objectSetDefault(","                local.global.utility2_rollup || local.global.local,","                local.global.utility2","            );","            break;","        // re-init local from example.js","        case 'node':","            local = (local.global.utility2_rollup || require('utility2'))","                .requireReadme();","            break;","        }","        // export local","        local.global.local = local;","    }());","","","","    // run shared js-env code - function","    (function () {","        return;","    }());","    switch (local.modeJs) {","","","","    // run browser js-env code - function","    case 'browser':","        break;","","","","    // run node js-env code - function","    case 'node':","        break;","    }","","","","    // run shared js-env code - post-init","    (function () {","        return;","    }());","    switch (local.modeJs) {","","","","    // run browser js-env code - post-init","    case 'browser':","        local.testCase_browser_nullCase = local.testCase_browser_nullCase || function (","            options,","            onError","        ) {","        /*","         * this function will test browsers's null-case handling-behavior-behavior","         */","            onError(null, options);","        };","","        // run tests","        local.nop(local.modeTest &&","            document.querySelector('#testRunButton1') &&","            document.querySelector('#testRunButton1').click());","        break;","","","","    // run node js-env code - post-init","    /* istanbul ignore next */","    case 'node':","        local.testCase_buildApidoc_default = local.testCase_buildApidoc_default || function (","            options,","            onError","        ) {","        /*","         * this function will test buildApidoc's default handling-behavior-behavior","         */","            options = { modulePathList: module.paths };","            local.buildApidoc(options, onError);","        };","","        local.testCase_buildApp_default = local.testCase_buildApp_default || function (","            options,","            onError","        ) {","        /*","         * this function will test buildApp's default handling-behavior-behavior","         */","            local.testCase_buildReadme_default(options, local.onErrorThrow);","            local.testCase_buildLib_default(options, local.onErrorThrow);","            local.testCase_buildTest_default(options, local.onErrorThrow);","            local.testCase_buildCustomOrg_default(options, local.onErrorThrow);","            options = [];","            local.buildApp(options, onError);","        };","","        local.testCase_buildCustomOrg_default = local.testCase_buildCustomOrg_default ||","            function (options, onError) {","            /*","             * this function will test buildCustomOrg's default handling-behavior","             */","                options = {};","                local.buildCustomOrg(options, onError);","            };","","        local.testCase_buildLib_default = local.testCase_buildLib_default || function (","            options,","            onError","        ) {","        /*","         * this function will test buildLib's default handling-behavior","         */","            options = {};","            local.buildLib(options, onError);","        };","","        local.testCase_buildReadme_default = local.testCase_buildReadme_default || function (","            options,","            onError","        ) {","        /*","         * this function will test buildReadme's default handling-behavior-behavior","         */","            options = {};","            local.buildReadme(options, onError);","        };","","        local.testCase_buildTest_default = local.testCase_buildTest_default || function (","            options,","            onError","        ) {","        /*","         * this function will test buildTest's default handling-behavior","         */","            options = {};","            local.buildTest(options, onError);","        };","","        local.testCase_webpage_default = local.testCase_webpage_default || function (","            options,","            onError","        ) {","        /*","         * this function will test webpage's default handling-behavior","         */","            options = { modeCoverageMerge: true, url: local.serverLocalHost + '?modeTest=1' };","            local.browserTest(options, onError);","        };","","        // run test-server","        local.testRunServer(local);","        break;","    }","}());",""],"l":{"12":2,"14":2,"19":2,"21":2,"23":2,"24":2,"25":2,"30":1,"37":2,"40":2,"43":1,"47":1,"50":1,"52":1,"55":2,"61":2,"62":2,"64":2,"70":1,"76":1,"82":2,"83":2,"85":2,"91":1,"98":1,"102":1,"105":1,"112":1,"119":1,"120":1,"123":1,"130":1,"131":1,"132":1,"133":1,"134":1,"135":1,"138":1,"143":2,"144":2,"147":1,"154":2,"155":2,"158":1,"165":2,"166":2,"169":1,"176":2,"177":2,"180":1,"187":1,"188":1,"192":1,"193":1}},"/home/travis/build/npmtest/node-npmtest-rc-slider/lib.npmtest_rc_slider.js":{"path":"/home/travis/build/npmtest/node-npmtest-rc-slider/lib.npmtest_rc_slider.js","s":{"1":2,"2":2,"3":2,"4":2,"5":2,"6":2,"7":2,"8":1,"9":2,"10":2,"11":2,"12":2,"13":1,"14":1,"15":1,"16":1},"b":{"1":[2,1,1,1],"2":[1,1,1,1],"3":[1,1],"4":[2,2],"5":[1,1]},"f":{"1":2,"2":2,"3":2},"fnMap":{"1":{"name":"(anonymous_1)","line":12,"loc":{"start":{"line":12,"column":1},"end":{"line":12,"column":13}}},"2":{"name":"(anonymous_2)","line":19,"loc":{"start":{"line":19,"column":5},"end":{"line":19,"column":17}}},"3":{"name":"(anonymous_3)","line":23,"loc":{"start":{"line":23,"column":24},"end":{"line":23,"column":36}}}},"statementMap":{"1":{"start":{"line":12,"column":0},"end":{"line":53,"column":5}},"2":{"start":{"line":14,"column":4},"end":{"line":14,"column":14}},"3":{"start":{"line":19,"column":4},"end":{"line":52,"column":9}},"4":{"start":{"line":21,"column":8},"end":{"line":21,"column":19}},"5":{"start":{"line":23,"column":8},"end":{"line":35,"column":13}},"6":{"start":{"line":24,"column":12},"end":{"line":34,"column":13}},"7":{"start":{"line":25,"column":16},"end":{"line":28,"column":30}},"8":{"start":{"line":30,"column":16},"end":{"line":33,"column":27}},"9":{"start":{"line":37,"column":8},"end":{"line":39,"column":21}},"10":{"start":{"line":41,"column":8},"end":{"line":41,"column":54}},"11":{"start":{"line":43,"column":8},"end":{"line":43,"column":54}},"12":{"start":{"line":45,"column":8},"end":{"line":51,"column":9}},"13":{"start":{"line":46,"column":12},"end":{"line":46,"column":60}},"14":{"start":{"line":48,"column":12},"end":{"line":48,"column":35}},"15":{"start":{"line":49,"column":12},"end":{"line":49,"column":49}},"16":{"start":{"line":50,"column":12},"end":{"line":50,"column":43}}},"branchMap":{"1":{"line":25,"type":"binary-expr","locations":[{"start":{"line":25,"column":23},"end":{"line":25,"column":62}},{"start":{"line":26,"column":20},"end":{"line":26,"column":70}},{"start":{"line":27,"column":20},"end":{"line":27,"column":71}},{"start":{"line":28,"column":20},"end":{"line":28,"column":29}}]},"2":{"line":30,"type":"binary-expr","locations":[{"start":{"line":30,"column":23},"end":{"line":30,"column":37}},{"start":{"line":31,"column":20},"end":{"line":31,"column":61}},{"start":{"line":32,"column":20},"end":{"line":32,"column":70}},{"start":{"line":33,"column":20},"end":{"line":33,"column":26}}]},"3":{"line":37,"type":"cond-expr","locations":[{"start":{"line":38,"column":14},"end":{"line":38,"column":20}},{"start":{"line":39,"column":14},"end":{"line":39,"column":20}}]},"4":{"line":41,"type":"binary-expr","locations":[{"start":{"line":41,"column":16},"end":{"line":41,"column":44}},{"start":{"line":41,"column":48},"end":{"line":41,"column":53}}]},"5":{"line":45,"type":"if","locations":[{"start":{"line":45,"column":8},"end":{"line":45,"column":8}},{"start":{"line":45,"column":8},"end":{"line":45,"column":8}}]}},"code":["/* istanbul instrument in package npmtest_rc_slider */","/*jslint","    bitwise: true,","    browser: true,","    maxerr: 8,","    maxlen: 96,","    node: true,","    nomen: true,","    regexp: true,","    stupid: true","*/","(function () {","    'use strict';","    var local;","","","","    // run shared js-env code - pre-init","    (function () {","        // init local","        local = {};","        // init modeJs","        local.modeJs = (function () {","            try {","                return typeof navigator.userAgent === 'string' &&","                    typeof document.querySelector('body') === 'object' &&","                    typeof XMLHttpRequest.prototype.open === 'function' &&","                    'browser';","            } catch (errorCaughtBrowser) {","                return module.exports &&","                    typeof process.versions.node === 'string' &&","                    typeof require('http').createServer === 'function' &&","                    'node';","            }","        }());","        // init global","        local.global = local.modeJs === 'browser'","            ? window","            : global;","        // init utility2_rollup","        local = local.global.utility2_rollup || local;","        // init lib","        local.local = local.npmtest_rc_slider = local;","        // init exports","        if (local.modeJs === 'browser') {","            local.global.utility2_npmtest_rc_slider = local;","        } else {","            module.exports = local;","            module.exports.__dirname = __dirname;","            module.exports.module = module;","        }","    }());","}());",""],"l":{"12":2,"14":2,"19":2,"21":2,"23":2,"24":2,"25":2,"30":1,"37":2,"41":2,"43":2,"45":2,"46":1,"48":1,"49":1,"50":1}},"/home/travis/build/npmtest/node-npmtest-rc-slider/example.js":{"path":"/home/travis/build/npmtest/node-npmtest-rc-slider/example.js","s":{"1":2,"2":2,"3":2,"4":2,"5":2,"6":2,"7":2,"8":1,"9":2,"10":2,"11":2,"12":2,"13":1,"14":2,"15":2,"16":2,"17":2,"18":2,"19":0,"20":2,"21":1,"22":1,"23":1,"24":1,"25":1,"26":0,"27":0,"28":1,"29":1,"30":2,"31":0,"32":0,"33":0,"34":1,"35":2,"36":2,"37":3,"38":3,"39":3,"40":3,"41":0,"42":3,"43":3,"44":3,"45":1,"46":3,"47":1,"48":1,"49":1,"50":1,"51":1,"52":1,"53":1,"54":1,"55":1,"56":1,"57":0,"58":1,"59":6,"60":6,"61":1,"62":2,"63":0,"64":2,"65":1,"66":1,"67":0,"68":0,"69":0,"70":0,"71":0,"72":0,"73":0,"74":0,"75":0,"76":0,"77":0,"78":0,"79":0,"80":0,"81":0,"82":0,"83":0},"b":{"1":[2,1,1,1],"2":[1,1,1,1],"3":[1,1],"4":[2,2],"5":[1,1],"6":[1,1],"7":[2,0],"8":[2,1,1,1,1,1],"9":[0,2,0],"10":[1,1],"11":[2,1,1],"12":[1,0],"13":[0,2],"14":[2,0,0,0,0,0,0],"15":[0,3],"16":[3,0],"17":[1,1],"18":[0,1],"19":[1,2,0,2],"20":[1,0],"21":[1,1],"22":[0,0],"23":[0,0],"24":[0,0],"25":[0,0],"26":[0,0],"27":[0,0],"28":[0,0]},"f":{"1":2,"2":2,"3":2,"4":2,"5":2,"6":2,"7":3,"8":3,"9":3,"10":1,"11":6,"12":0},"fnMap":{"1":{"name":"(anonymous_1)","line":26,"loc":{"start":{"line":26,"column":1},"end":{"line":26,"column":13}}},"2":{"name":"(anonymous_2)","line":33,"loc":{"start":{"line":33,"column":5},"end":{"line":33,"column":17}}},"3":{"name":"(anonymous_3)","line":37,"loc":{"start":{"line":37,"column":24},"end":{"line":37,"column":36}}},"4":{"name":"(anonymous_4)","line":69,"loc":{"start":{"line":69,"column":31},"end":{"line":69,"column":48}},"skip":true},"5":{"name":"(anonymous_5)","line":78,"loc":{"start":{"line":78,"column":26},"end":{"line":78,"column":45}},"skip":true},"6":{"name":"(anonymous_6)","line":123,"loc":{"start":{"line":123,"column":33},"end":{"line":123,"column":48}},"skip":true},"7":{"name":"(anonymous_7)","line":125,"loc":{"start":{"line":125,"column":27},"end":{"line":125,"column":39}},"skip":true},"8":{"name":"(anonymous_8)","line":133,"loc":{"start":{"line":133,"column":59},"end":{"line":133,"column":74}},"skip":true},"9":{"name":"(anonymous_9)","line":143,"loc":{"start":{"line":143,"column":45},"end":{"line":143,"column":62}},"skip":true},"10":{"name":"(anonymous_10)","line":144,"loc":{"start":{"line":144,"column":73},"end":{"line":144,"column":92}},"skip":true},"11":{"name":"(anonymous_11)","line":272,"loc":{"start":{"line":272,"column":51},"end":{"line":272,"column":77}},"skip":true},"12":{"name":"(anonymous_12)","line":315,"loc":{"start":{"line":315,"column":32},"end":{"line":315,"column":61}},"skip":true}},"statementMap":{"1":{"start":{"line":26,"column":0},"end":{"line":326,"column":5}},"2":{"start":{"line":28,"column":4},"end":{"line":28,"column":14}},"3":{"start":{"line":33,"column":4},"end":{"line":60,"column":9}},"4":{"start":{"line":35,"column":8},"end":{"line":35,"column":19}},"5":{"start":{"line":37,"column":8},"end":{"line":49,"column":13}},"6":{"start":{"line":38,"column":12},"end":{"line":48,"column":13}},"7":{"start":{"line":39,"column":16},"end":{"line":42,"column":30}},"8":{"start":{"line":44,"column":16},"end":{"line":47,"column":27}},"9":{"start":{"line":51,"column":8},"end":{"line":53,"column":21}},"10":{"start":{"line":55,"column":8},"end":{"line":57,"column":45}},"11":{"start":{"line":59,"column":8},"end":{"line":59,"column":35}},"12":{"start":{"line":61,"column":4},"end":{"line":325,"column":5}},"13":{"start":{"line":69,"column":8},"end":{"line":121,"column":10},"skip":true},"14":{"start":{"line":70,"column":12},"end":{"line":88,"column":13},"skip":true},"15":{"start":{"line":76,"column":16},"end":{"line":87,"column":19},"skip":true},"16":{"start":{"line":79,"column":20},"end":{"line":86,"column":21},"skip":true},"17":{"start":{"line":82,"column":24},"end":{"line":82,"column":43},"skip":true},"18":{"start":{"line":83,"column":24},"end":{"line":83,"column":30},"skip":true},"19":{"start":{"line":85,"column":24},"end":{"line":85,"column":49},"skip":true},"20":{"start":{"line":89,"column":12},"end":{"line":107,"column":13},"skip":true},"21":{"start":{"line":92,"column":16},"end":{"line":102,"column":17},"skip":true},"22":{"start":{"line":93,"column":20},"end":{"line":93,"column":86},"skip":true},"23":{"start":{"line":94,"column":20},"end":{"line":95,"column":45},"skip":true},"24":{"start":{"line":96,"column":20},"end":{"line":96,"column":42},"skip":true},"25":{"start":{"line":97,"column":20},"end":{"line":97,"column":48},"skip":true},"26":{"start":{"line":100,"column":20},"end":{"line":100,"column":85},"skip":true},"27":{"start":{"line":101,"column":20},"end":{"line":101,"column":96},"skip":true},"28":{"start":{"line":103,"column":16},"end":{"line":103,"column":22},"skip":true},"29":{"start":{"line":106,"column":16},"end":{"line":106,"column":22},"skip":true},"30":{"start":{"line":108,"column":12},"end":{"line":120,"column":13},"skip":true},"31":{"start":{"line":114,"column":16},"end":{"line":119,"column":17},"skip":true},"32":{"start":{"line":116,"column":20},"end":{"line":116,"column":78},"skip":true},"33":{"start":{"line":118,"column":20},"end":{"line":118,"column":47},"skip":true},"34":{"start":{"line":123,"column":8},"end":{"line":141,"column":11},"skip":true},"35":{"start":{"line":124,"column":12},"end":{"line":124,"column":54},"skip":true},"36":{"start":{"line":125,"column":12},"end":{"line":140,"column":14},"skip":true},"37":{"start":{"line":126,"column":16},"end":{"line":126,"column":28},"skip":true},"38":{"start":{"line":127,"column":16},"end":{"line":127,"column":69},"skip":true},"39":{"start":{"line":128,"column":16},"end":{"line":128,"column":75},"skip":true},"40":{"start":{"line":129,"column":16},"end":{"line":131,"column":17},"skip":true},"41":{"start":{"line":130,"column":20},"end":{"line":130,"column":27},"skip":true},"42":{"start":{"line":133,"column":16},"end":{"line":137,"column":36},"skip":true},"43":{"start":{"line":134,"column":20},"end":{"line":136,"column":55},"skip":true},"44":{"start":{"line":139,"column":16},"end":{"line":139,"column":57},"skip":true},"45":{"start":{"line":143,"column":8},"end":{"line":147,"column":11},"skip":true},"46":{"start":{"line":144,"column":12},"end":{"line":146,"column":15},"skip":true},"47":{"start":{"line":145,"column":16},"end":{"line":145,"column":70},"skip":true},"48":{"start":{"line":149,"column":8},"end":{"line":149,"column":31},"skip":true},"49":{"start":{"line":150,"column":8},"end":{"line":150,"column":14},"skip":true},"50":{"start":{"line":158,"column":8},"end":{"line":158,"column":31},"skip":true},"51":{"start":{"line":160,"column":8},"end":{"line":160,"column":33},"skip":true},"52":{"start":{"line":161,"column":8},"end":{"line":161,"column":37},"skip":true},"53":{"start":{"line":162,"column":8},"end":{"line":162,"column":35},"skip":true},"54":{"start":{"line":164,"column":8},"end":{"line":164,"column":50},"skip":true},"55":{"start":{"line":166,"column":8},"end":{"line":256,"column":2},"skip":true},"56":{"start":{"line":258,"column":8},"end":{"line":286,"column":9},"skip":true},"57":{"start":{"line":259,"column":12},"end":{"line":269,"column":14},"skip":true},"58":{"start":{"line":271,"column":12},"end":{"line":285,"column":19},"skip":true},"59":{"start":{"line":274,"column":20},"end":{"line":274,"column":35},"skip":true},"60":{"start":{"line":275,"column":20},"end":{"line":284,"column":21},"skip":true},"61":{"start":{"line":277,"column":24},"end":{"line":277,"column":64},"skip":true},"62":{"start":{"line":279,"column":24},"end":{"line":279,"column":40},"skip":true},"63":{"start":{"line":281,"column":24},"end":{"line":281,"column":40},"skip":true},"64":{"start":{"line":283,"column":24},"end":{"line":283,"column":39},"skip":true},"65":{"start":{"line":288,"column":8},"end":{"line":290,"column":9},"skip":true},"66":{"start":{"line":289,"column":12},"end":{"line":289,"column":18},"skip":true},"67":{"start":{"line":291,"column":8},"end":{"line":293,"column":54},"skip":true},"68":{"start":{"line":296,"column":8},"end":{"line":301,"column":37},"skip":true},"69":{"start":{"line":303,"column":8},"end":{"line":303,"column":82},"skip":true},"70":{"start":{"line":306,"column":8},"end":{"line":308,"column":9},"skip":true},"71":{"start":{"line":307,"column":12},"end":{"line":307,"column":82},"skip":true},"72":{"start":{"line":310,"column":8},"end":{"line":312,"column":9},"skip":true},"73":{"start":{"line":311,"column":12},"end":{"line":311,"column":18},"skip":true},"74":{"start":{"line":313,"column":8},"end":{"line":313,"column":54},"skip":true},"75":{"start":{"line":314,"column":8},"end":{"line":314,"column":69},"skip":true},"76":{"start":{"line":315,"column":8},"end":{"line":323,"column":36},"skip":true},"77":{"start":{"line":316,"column":12},"end":{"line":316,"column":61},"skip":true},"78":{"start":{"line":317,"column":12},"end":{"line":320,"column":13},"skip":true},"79":{"start":{"line":318,"column":16},"end":{"line":318,"column":75},"skip":true},"80":{"start":{"line":319,"column":16},"end":{"line":319,"column":23},"skip":true},"81":{"start":{"line":321,"column":12},"end":{"line":321,"column":38},"skip":true},"82":{"start":{"line":322,"column":12},"end":{"line":322,"column":27},"skip":true},"83":{"start":{"line":324,"column":8},"end":{"line":324,"column":14},"skip":true}},"branchMap":{"1":{"line":39,"type":"binary-expr","locations":[{"start":{"line":39,"column":23},"end":{"line":39,"column":62}},{"start":{"line":40,"column":20},"end":{"line":40,"column":70}},{"start":{"line":41,"column":20},"end":{"line":41,"column":71}},{"start":{"line":42,"column":20},"end":{"line":42,"column":29}}]},"2":{"line":44,"type":"binary-expr","locations":[{"start":{"line":44,"column":23},"end":{"line":44,"column":37}},{"start":{"line":45,"column":20},"end":{"line":45,"column":61}},{"start":{"line":46,"column":20},"end":{"line":46,"column":70}},{"start":{"line":47,"column":20},"end":{"line":47,"column":26}}]},"3":{"line":51,"type":"cond-expr","locations":[{"start":{"line":52,"column":14},"end":{"line":52,"column":20}},{"start":{"line":53,"column":14},"end":{"line":53,"column":20}}]},"4":{"line":55,"type":"binary-expr","locations":[{"start":{"line":55,"column":16},"end":{"line":55,"column":44}},{"start":{"line":55,"column":49},"end":{"line":57,"column":43}}]},"5":{"line":55,"type":"cond-expr","locations":[{"start":{"line":56,"column":14},"end":{"line":56,"column":53}},{"start":{"line":57,"column":14},"end":{"line":57,"column":43}}]},"6":{"line":61,"type":"switch","locations":[{"start":{"line":68,"column":4},"end":{"line":150,"column":14},"skip":true},{"start":{"line":156,"column":4},"end":{"line":324,"column":14},"skip":true}]},"7":{"line":70,"type":"if","locations":[{"start":{"line":70,"column":12},"end":{"line":70,"column":12},"skip":true},{"start":{"line":70,"column":12},"end":{"line":70,"column":12},"skip":true}]},"8":{"line":70,"type":"binary-expr","locations":[{"start":{"line":70,"column":16},"end":{"line":70,"column":22},"skip":true},{"start":{"line":70,"column":27},"end":{"line":70,"column":32},"skip":true},{"start":{"line":71,"column":20},"end":{"line":71,"column":39},"skip":true},{"start":{"line":72,"column":20},"end":{"line":72,"column":49},"skip":true},{"start":{"line":73,"column":20},"end":{"line":73,"column":58},"skip":true},{"start":{"line":74,"column":20},"end":{"line":74,"column":69},"skip":true}]},"9":{"line":79,"type":"switch","locations":[{"start":{"line":80,"column":20},"end":{"line":80,"column":33},"skip":true},{"start":{"line":81,"column":20},"end":{"line":83,"column":30},"skip":true},{"start":{"line":84,"column":20},"end":{"line":85,"column":49},"skip":true}]},"10":{"line":89,"type":"switch","locations":[{"start":{"line":90,"column":12},"end":{"line":103,"column":22},"skip":true},{"start":{"line":105,"column":12},"end":{"line":106,"column":22},"skip":true}]},"11":{"line":89,"type":"binary-expr","locations":[{"start":{"line":89,"column":20},"end":{"line":89,"column":25},"skip":true},{"start":{"line":89,"column":29},"end":{"line":89,"column":48},"skip":true},{"start":{"line":89,"column":52},"end":{"line":89,"column":74},"skip":true}]},"12":{"line":92,"type":"if","locations":[{"start":{"line":92,"column":16},"end":{"line":92,"column":16},"skip":true},{"start":{"line":92,"column":16},"end":{"line":92,"column":16},"skip":true}]},"13":{"line":108,"type":"if","locations":[{"start":{"line":108,"column":12},"end":{"line":108,"column":12},"skip":true},{"start":{"line":108,"column":12},"end":{"line":108,"column":12},"skip":true}]},"14":{"line":108,"type":"binary-expr","locations":[{"start":{"line":108,"column":16},"end":{"line":108,"column":61},"skip":true},{"start":{"line":108,"column":66},"end":{"line":108,"column":72},"skip":true},{"start":{"line":108,"column":77},"end":{"line":108,"column":82},"skip":true},{"start":{"line":109,"column":20},"end":{"line":109,"column":39},"skip":true},{"start":{"line":110,"column":20},"end":{"line":110,"column":49},"skip":true},{"start":{"line":111,"column":20},"end":{"line":111,"column":58},"skip":true},{"start":{"line":112,"column":20},"end":{"line":112,"column":68},"skip":true}]},"15":{"line":129,"type":"if","locations":[{"start":{"line":129,"column":16},"end":{"line":129,"column":16},"skip":true},{"start":{"line":129,"column":16},"end":{"line":129,"column":16},"skip":true}]},"16":{"line":134,"type":"cond-expr","locations":[{"start":{"line":135,"column":26},"end":{"line":135,"column":29},"skip":true},{"start":{"line":136,"column":26},"end":{"line":136,"column":54},"skip":true}]},"17":{"line":164,"type":"binary-expr","locations":[{"start":{"line":164,"column":27},"end":{"line":164,"column":43},"skip":true},{"start":{"line":164,"column":47},"end":{"line":164,"column":49},"skip":true}]},"18":{"line":258,"type":"if","locations":[{"start":{"line":258,"column":8},"end":{"line":258,"column":8},"skip":true},{"start":{"line":258,"column":8},"end":{"line":258,"column":8},"skip":true}]},"19":{"line":275,"type":"switch","locations":[{"start":{"line":276,"column":20},"end":{"line":277,"column":64},"skip":true},{"start":{"line":278,"column":20},"end":{"line":279,"column":40},"skip":true},{"start":{"line":280,"column":20},"end":{"line":281,"column":40},"skip":true},{"start":{"line":282,"column":20},"end":{"line":283,"column":39},"skip":true}]},"20":{"line":288,"type":"if","locations":[{"start":{"line":288,"column":8},"end":{"line":288,"column":8},"skip":true},{"start":{"line":288,"column":8},"end":{"line":288,"column":8},"skip":true}]},"21":{"line":288,"type":"binary-expr","locations":[{"start":{"line":288,"column":12},"end":{"line":288,"column":40},"skip":true},{"start":{"line":288,"column":44},"end":{"line":288,"column":67},"skip":true}]},"22":{"line":292,"type":"binary-expr","locations":[{"start":{"line":292,"column":12},"end":{"line":292,"column":50},"skip":true},{"start":{"line":293,"column":12},"end":{"line":293,"column":53},"skip":true}]},"23":{"line":297,"type":"binary-expr","locations":[{"start":{"line":297,"column":12},"end":{"line":297,"column":67},"skip":true},{"start":{"line":298,"column":12},"end":{"line":301,"column":36},"skip":true}]},"24":{"line":303,"type":"binary-expr","locations":[{"start":{"line":303,"column":43},"end":{"line":303,"column":75},"skip":true},{"start":{"line":303,"column":79},"end":{"line":303,"column":81},"skip":true}]},"25":{"line":306,"type":"if","locations":[{"start":{"line":306,"column":8},"end":{"line":306,"column":8},"skip":true},{"start":{"line":306,"column":8},"end":{"line":306,"column":8},"skip":true}]},"26":{"line":310,"type":"if","locations":[{"start":{"line":310,"column":8},"end":{"line":310,"column":8},"skip":true},{"start":{"line":310,"column":8},"end":{"line":310,"column":8},"skip":true}]},"27":{"line":313,"type":"binary-expr","locations":[{"start":{"line":313,"column":27},"end":{"line":313,"column":43},"skip":true},{"start":{"line":313,"column":47},"end":{"line":313,"column":53},"skip":true}]},"28":{"line":317,"type":"if","locations":[{"start":{"line":317,"column":12},"end":{"line":317,"column":12},"skip":true},{"start":{"line":317,"column":12},"end":{"line":317,"column":12},"skip":true}]}},"code":["/*","example.js","","quickstart example","","instruction","    1. save this script as example.js","    2. run the shell command:","        $ npm install npmtest-rc-slider && PORT=8081 node example.js","    3. play with the browser-demo on http://127.0.0.1:8081","*/","","","","/* istanbul instrument in package npmtest_rc_slider */","/*jslint","    bitwise: true,","    browser: true,","    maxerr: 8,","    maxlen: 96,","    node: true,","    nomen: true,","    regexp: true,","    stupid: true","*/","(function () {","    'use strict';","    var local;","","","","    // run shared js-env code - pre-init","    (function () {","        // init local","        local = {};","        // init modeJs","        local.modeJs = (function () {","            try {","                return typeof navigator.userAgent === 'string' &&","                    typeof document.querySelector('body') === 'object' &&","                    typeof XMLHttpRequest.prototype.open === 'function' &&","                    'browser';","            } catch (errorCaughtBrowser) {","                return module.exports &&","                    typeof process.versions.node === 'string' &&","                    typeof require('http').createServer === 'function' &&","                    'node';","            }","        }());","        // init global","        local.global = local.modeJs === 'browser'","            ? window","            : global;","        // init utility2_rollup","        local = local.global.utility2_rollup || (local.modeJs === 'browser'","            ? local.global.utility2_npmtest_rc_slider","            : global.utility2_moduleExports);","        // export local","        local.global.local = local;","    }());","    switch (local.modeJs) {","","","","    // post-init","    // run browser js-env code - post-init","    /* istanbul ignore next */","    case 'browser':","        local.testRunBrowser = function (event) {","            if (!event || (event &&","                    event.currentTarget &&","                    event.currentTarget.className &&","                    event.currentTarget.className.includes &&","                    event.currentTarget.className.includes('onreset'))) {","                // reset output","                Array.from(","                    document.querySelectorAll('body > .resettable')","                ).forEach(function (element) {","                    switch (element.tagName) {","                    case 'INPUT':","                    case 'TEXTAREA':","                        element.value = '';","                        break;","                    default:","                        element.textContent = '';","                    }","                });","            }","            switch (event && event.currentTarget && event.currentTarget.id) {","            case 'testRunButton1':","                // show tests","                if (document.querySelector('#testReportDiv1').style.display === 'none') {","                    document.querySelector('#testReportDiv1').style.display = 'block';","                    document.querySelector('#testRunButton1').textContent =","                        'hide internal test';","                    local.modeTest = true;","                    local.testRunDefault(local);","                // hide tests","                } else {","                    document.querySelector('#testReportDiv1').style.display = 'none';","                    document.querySelector('#testRunButton1').textContent = 'run internal test';","                }","                break;","            // custom-case","            default:","                break;","            }","            if (document.querySelector('#inputTextareaEval1') && (!event || (event &&","                    event.currentTarget &&","                    event.currentTarget.className &&","                    event.currentTarget.className.includes &&","                    event.currentTarget.className.includes('oneval')))) {","                // try to eval input-code","                try {","                    /*jslint evil: true*/","                    eval(document.querySelector('#inputTextareaEval1').value);","                } catch (errorCaught) {","                    console.error(errorCaught);","                }","            }","        };","        // log stderr and stdout to #outputTextareaStdout1","        ['error', 'log'].forEach(function (key) {","            console[key + '_original'] = console[key];","            console[key] = function () {","                var element;","                console[key + '_original'].apply(console, arguments);","                element = document.querySelector('#outputTextareaStdout1');","                if (!element) {","                    return;","                }","                // append text to #outputTextareaStdout1","                element.value += Array.from(arguments).map(function (arg) {","                    return typeof arg === 'string'","                        ? arg","                        : JSON.stringify(arg, null, 4);","                }).join(' ') + '\\n';","                // scroll textarea to bottom","                element.scrollTop = element.scrollHeight;","            };","        });","        // init event-handling","        ['change', 'click', 'keyup'].forEach(function (event) {","            Array.from(document.querySelectorAll('.on' + event)).forEach(function (element) {","                element.addEventListener(event, local.testRunBrowser);","            });","        });","        // run tests","        local.testRunBrowser();","        break;","","","","    // run node js-env code - post-init","    /* istanbul ignore next */","    case 'node':","        // export local","        module.exports = local;","        // require modules","        local.fs = require('fs');","        local.http = require('http');","        local.url = require('url');","        // init assets","        local.assetsDict = local.assetsDict || {};","        /* jslint-ignore-begin */","        local.assetsDict['/assets.index.template.html'] = '\\","<!doctype html>\\n\\","<html lang=\"en\">\\n\\","<head>\\n\\","<meta charset=\"UTF-8\">\\n\\","<meta name=\"viewport\" content=\"width=device-width, initial-scale=1\">\\n\\","<title>{{env.npm_package_name}} (v{{env.npm_package_version}})</title>\\n\\","<style>\\n\\","/*csslint\\n\\","    box-sizing: false,\\n\\","    universal-selector: false\\n\\","*/\\n\\","* {\\n\\","    box-sizing: border-box;\\n\\","}\\n\\","body {\\n\\","    background: #dde;\\n\\","    font-family: Arial, Helvetica, sans-serif;\\n\\","    margin: 2rem;\\n\\","}\\n\\","body > * {\\n\\","    margin-bottom: 1rem;\\n\\","}\\n\\",".utility2FooterDiv {\\n\\","    margin-top: 20px;\\n\\","    text-align: center;\\n\\","}\\n\\","</style>\\n\\","<style>\\n\\","/*csslint\\n\\","*/\\n\\","textarea {\\n\\","    font-family: monospace;\\n\\","    height: 10rem;\\n\\","    width: 100%;\\n\\","}\\n\\","textarea[readonly] {\\n\\","    background: #ddd;\\n\\","}\\n\\","</style>\\n\\","</head>\\n\\","<body>\\n\\","<!-- utility2-comment\\n\\","<div id=\"ajaxProgressDiv1\" style=\"background: #d00; height: 2px; left: 0; margin: 0; padding: 0; position: fixed; top: 0; transition: background 0.5s, width 1.5s; width: 25%;\"></div>\\n\\","utility2-comment -->\\n\\","<h1>\\n\\","<!-- utility2-comment\\n\\","    <a\\n\\","        {{#if env.npm_package_homepage}}\\n\\","        href=\"{{env.npm_package_homepage}}\"\\n\\","        {{/if env.npm_package_homepage}}\\n\\","        target=\"_blank\"\\n\\","    >\\n\\","utility2-comment -->\\n\\","        {{env.npm_package_name}} (v{{env.npm_package_version}})\\n\\","<!-- utility2-comment\\n\\","    </a>\\n\\","utility2-comment -->\\n\\","</h1>\\n\\","<h3>{{env.npm_package_description}}</h3>\\n\\","<!-- utility2-comment\\n\\","<h4><a download href=\"assets.app.js\">download standalone app</a></h4>\\n\\","<button class=\"onclick onreset\" id=\"testRunButton1\">run internal test</button><br>\\n\\","<div id=\"testReportDiv1\" style=\"display: none;\"></div>\\n\\","utility2-comment -->\\n\\","\\n\\","\\n\\","\\n\\","<label>stderr and stdout</label>\\n\\","<textarea class=\"resettable\" id=\"outputTextareaStdout1\" readonly></textarea>\\n\\","<!-- utility2-comment\\n\\","{{#if isRollup}}\\n\\","<script src=\"assets.app.js\"></script>\\n\\","{{#unless isRollup}}\\n\\","utility2-comment -->\\n\\","<script src=\"assets.utility2.rollup.js\"></script>\\n\\","<script src=\"jsonp.utility2._stateInit?callback=window.utility2._stateInit\"></script>\\n\\","<script src=\"assets.npmtest_rc_slider.rollup.js\"></script>\\n\\","<script src=\"assets.example.js\"></script>\\n\\","<script src=\"assets.test.js\"></script>\\n\\","<!-- utility2-comment\\n\\","{{/if isRollup}}\\n\\","utility2-comment -->\\n\\","<div class=\"utility2FooterDiv\">\\n\\","    [ this app was created with\\n\\","    <a href=\"https://github.com/kaizhu256/node-utility2\" target=\"_blank\">utility2</a>\\n\\","    ]\\n\\","</div>\\n\\","</body>\\n\\","</html>\\n\\","';","        /* jslint-ignore-end */","        if (local.templateRender) {","            local.assetsDict['/'] = local.templateRender(","                local.assetsDict['/assets.index.template.html'],","                {","                    env: local.objectSetDefault(local.env, {","                        npm_package_description: 'the greatest app in the world!',","                        npm_package_name: 'my-app',","                        npm_package_nameAlias: 'my_app',","                        npm_package_version: '0.0.1'","                    })","                }","            );","        } else {","            local.assetsDict['/'] = local.assetsDict['/assets.index.template.html']","                .replace((/\\{\\{env\\.(\\w+?)\\}\\}/g), function (match0, match1) {","                    // jslint-hack","                    String(match0);","                    switch (match1) {","                    case 'npm_package_description':","                        return 'the greatest app in the world!';","                    case 'npm_package_name':","                        return 'my-app';","                    case 'npm_package_nameAlias':","                        return 'my_app';","                    case 'npm_package_version':","                        return '0.0.1';","                    }","                });","        }","        // run the cli","        if (local.global.utility2_rollup || module !== require.main) {","            break;","        }","        local.assetsDict['/assets.example.js'] =","            local.assetsDict['/assets.example.js'] ||","            local.fs.readFileSync(__filename, 'utf8');","        // bug-workaround - long $npm_package_buildCustomOrg","        /* jslint-ignore-begin */","        local.assetsDict['/assets.npmtest_rc_slider.rollup.js'] =","            local.assetsDict['/assets.npmtest_rc_slider.rollup.js'] ||","            local.fs.readFileSync(","                local.npmtest_rc_slider.__dirname + '/lib.npmtest_rc_slider.js',","                'utf8'","            ).replace((/^#!/), '//');","        /* jslint-ignore-end */","        local.assetsDict['/favicon.ico'] = local.assetsDict['/favicon.ico'] || '';","        // if $npm_config_timeout_exit exists,","        // then exit this process after $npm_config_timeout_exit ms","        if (Number(process.env.npm_config_timeout_exit)) {","            setTimeout(process.exit, Number(process.env.npm_config_timeout_exit));","        }","        // start server","        if (local.global.utility2_serverHttp1) {","            break;","        }","        process.env.PORT = process.env.PORT || '8081';","        console.error('server starting on port ' + process.env.PORT);","        local.http.createServer(function (request, response) {","            request.urlParsed = local.url.parse(request.url);","            if (local.assetsDict[request.urlParsed.pathname] !== undefined) {","                response.end(local.assetsDict[request.urlParsed.pathname]);","                return;","            }","            response.statusCode = 404;","            response.end();","        }).listen(process.env.PORT);","        break;","    }","}());",""],"l":{"26":2,"28":2,"33":2,"35":2,"37":2,"38":2,"39":2,"44":1,"51":2,"55":2,"59":2,"61":2,"69":1,"70":2,"76":2,"79":2,"82":2,"83":2,"85":1,"89":2,"92":1,"93":1,"94":1,"96":1,"97":1,"100":1,"101":1,"103":1,"106":1,"108":2,"114":1,"116":1,"118":1,"123":1,"124":2,"125":2,"126":3,"127":3,"128":3,"129":3,"130":1,"133":3,"134":3,"139":3,"143":1,"144":3,"145":1,"149":1,"150":1,"158":1,"160":1,"161":1,"162":1,"164":1,"166":1,"258":1,"259":1,"271":1,"274":6,"275":6,"277":1,"279":2,"281":1,"283":2,"288":1,"289":1,"291":1,"296":1,"303":1,"306":1,"307":1,"310":1,"311":1,"313":1,"314":1,"315":1,"316":1,"317":1,"318":1,"319":1,"321":1,"322":1,"324":1}},"/home/travis/build/npmtest/node-npmtest-rc-slider/node_modules/rc-slider/lib/index.js":{"path":"/home/travis/build/npmtest/node-npmtest-rc-slider/node_modules/rc-slider/lib/index.js","s":{"1":2,"2":2,"3":0,"4":0,"5":0,"6":0,"7":0,"8":0,"9":0,"10":1,"11":0,"12":0,"13":0,"14":0,"15":0,"16":0},"b":{"1":[0,0],"2":[0,0]},"f":{"1":0},"fnMap":{"1":{"name":"_interopRequireDefault","line":23,"loc":{"start":{"line":23,"column":0},"end":{"line":23,"column":37}}}},"statementMap":{"1":{"start":{"line":3,"column":0},"end":{"line":5,"column":3}},"2":{"start":{"line":7,"column":0},"end":{"line":7,"column":34}},"3":{"start":{"line":9,"column":0},"end":{"line":9,"column":47}},"4":{"start":{"line":11,"column":0},"end":{"line":11,"column":32}},"5":{"start":{"line":13,"column":0},"end":{"line":13,"column":45}},"6":{"start":{"line":15,"column":0},"end":{"line":15,"column":34}},"7":{"start":{"line":17,"column":0},"end":{"line":17,"column":47}},"8":{"start":{"line":19,"column":0},"end":{"line":19,"column":68}},"9":{"start":{"line":21,"column":0},"end":{"line":21,"column":81}},"10":{"start":{"line":23,"column":0},"end":{"line":23,"column":97}},"11":{"start":{"line":23,"column":39},"end":{"line":23,"column":95}},"12":{"start":{"line":25,"column":0},"end":{"line":25,"column":47}},"13":{"start":{"line":26,"column":0},"end":{"line":26,"column":49}},"14":{"start":{"line":27,"column":0},"end":{"line":27,"column":83}},"15":{"start":{"line":28,"column":0},"end":{"line":28,"column":41}},"16":{"start":{"line":29,"column":0},"end":{"line":29,"column":36}}},"branchMap":{"1":{"line":23,"type":"cond-expr","locations":[{"start":{"line":23,"column":70},"end":{"line":23,"column":73}},{"start":{"line":23,"column":76},"end":{"line":23,"column":94}}]},"2":{"line":23,"type":"binary-expr","locations":[{"start":{"line":23,"column":46},"end":{"line":23,"column":49}},{"start":{"line":23,"column":53},"end":{"line":23,"column":67}}]}},"code":["'use strict';","","Object.defineProperty(exports, \"__esModule\", {","  value: true","});","","var _Slider = require('./Slider');","","var _Slider2 = _interopRequireDefault(_Slider);","","var _Range = require('./Range');","","var _Range2 = _interopRequireDefault(_Range);","","var _Handle = require('./Handle');","","var _Handle2 = _interopRequireDefault(_Handle);","","var _createSliderWithTooltip = require('./createSliderWithTooltip');","","var _createSliderWithTooltip2 = _interopRequireDefault(_createSliderWithTooltip);","","function _interopRequireDefault(obj) { return obj && obj.__esModule ? obj : { \"default\": obj }; }","","_Slider2[\"default\"].Range = _Range2[\"default\"];","_Slider2[\"default\"].Handle = _Handle2[\"default\"];","_Slider2[\"default\"].createSliderWithTooltip = _createSliderWithTooltip2[\"default\"];","exports[\"default\"] = _Slider2[\"default\"];","module.exports = exports['default'];"],"l":{"3":2,"7":2,"9":0,"11":0,"13":0,"15":0,"17":0,"19":0,"21":0,"23":1,"25":0,"26":0,"27":0,"28":0,"29":0}},"/home/travis/build/npmtest/node-npmtest-rc-slider/node_modules/rc-slider/lib/Slider.js":{"path":"/home/travis/build/npmtest/node-npmtest-rc-slider/node_modules/rc-slider/lib/Slider.js","s":{"1":4,"2":4,"3":4,"4":4,"5":4,"6":4,"7":4,"8":4,"9":4,"10":4,"11":0,"12":0,"13":0,"14":0,"15":0,"16":0,"17":0,"18":0,"19":0,"20":1,"21":0,"22":0,"23":0,"24":0,"25":0,"26":0,"27":0,"28":0,"29":0,"30":1,"31":16,"32":0,"33":0,"34":1,"35":0,"36":0,"37":0,"38":0,"39":0,"40":0,"41":0,"42":0,"43":0,"44":0,"45":0,"46":0,"47":0,"48":0,"49":0,"50":0,"51":0,"52":0,"53":0,"54":0,"55":0,"56":0,"57":0,"58":0,"59":0,"60":0,"61":0,"62":0,"63":0,"64":0,"65":0,"66":0,"67":0,"68":0,"69":0,"70":0,"71":0,"72":0,"73":0,"74":0,"75":0,"76":0,"77":0,"78":0,"79":0,"80":0,"81":0,"82":0,"83":0,"84":0,"85":0,"86":0,"87":0,"88":0,"89":0,"90":0,"91":0,"92":0,"93":0,"94":0,"95":0,"96":0,"97":0,"98":0,"99":0,"100":0,"101":0,"102":0,"103":0,"104":0,"105":0,"106":0,"107":0},"b":{"1":[0,0],"2":[0,0],"3":[0,0],"4":[0,0],"5":[16,0],"6":[16,16],"7":[0,0],"8":[0,0],"9":[0,0],"10":[0,0,0],"11":[0,0],"12":[0,0],"13":[0,0],"14":[0,0],"15":[0,0],"16":[0,0],"17":[0,0],"18":[0,0]},"f":{"1":0,"2":16,"3":0,"4":0,"5":0,"6":0,"7":0,"8":0,"9":0,"10":0,"11":0,"12":0,"13":0,"14":0,"15":0},"fnMap":{"1":{"name":"_interopRequireWildcard","line":43,"loc":{"start":{"line":43,"column":0},"end":{"line":43,"column":38}}},"2":{"name":"_interopRequireDefault","line":45,"loc":{"start":{"line":45,"column":0},"end":{"line":45,"column":37}}},"3":{"name":"(anonymous_3)","line":47,"loc":{"start":{"line":47,"column":13},"end":{"line":47,"column":41}}},"4":{"name":"Slider","line":50,"loc":{"start":{"line":50,"column":2},"end":{"line":50,"column":25}}},"5":{"name":"(anonymous_5)","line":55,"loc":{"start":{"line":55,"column":18},"end":{"line":55,"column":30}}},"6":{"name":"componentWillReceiveProps","line":71,"loc":{"start":{"line":71,"column":47},"end":{"line":71,"column":93}}},"7":{"name":"onChange","line":85,"loc":{"start":{"line":85,"column":30},"end":{"line":85,"column":55}}},"8":{"name":"onStart","line":96,"loc":{"start":{"line":96,"column":29},"end":{"line":96,"column":56}}},"9":{"name":"onMove","line":111,"loc":{"start":{"line":111,"column":28},"end":{"line":111,"column":57}}},"10":{"name":"getValue","line":121,"loc":{"start":{"line":121,"column":30},"end":{"line":121,"column":50}}},"11":{"name":"getLowerBound","line":125,"loc":{"start":{"line":125,"column":35},"end":{"line":125,"column":60}}},"12":{"name":"getUpperBound","line":129,"loc":{"start":{"line":129,"column":35},"end":{"line":129,"column":60}}},"13":{"name":"trimAlignValue","line":133,"loc":{"start":{"line":133,"column":36},"end":{"line":133,"column":63}}},"14":{"name":"render","line":141,"loc":{"start":{"line":141,"column":28},"end":{"line":141,"column":46}}},"15":{"name":"ref","line":165,"loc":{"start":{"line":165,"column":11},"end":{"line":165,"column":27}}}},"statementMap":{"1":{"start":{"line":3,"column":0},"end":{"line":5,"column":3}},"2":{"start":{"line":7,"column":0},"end":{"line":7,"column":57}},"3":{"start":{"line":9,"column":0},"end":{"line":9,"column":50}},"4":{"start":{"line":11,"column":0},"end":{"line":11,"column":71}},"5":{"start":{"line":13,"column":0},"end":{"line":13,"column":64}},"6":{"start":{"line":15,"column":0},"end":{"line":15,"column":93}},"7":{"start":{"line":17,"column":0},"end":{"line":17,"column":86}},"8":{"start":{"line":19,"column":0},"end":{"line":19,"column":59}},"9":{"start":{"line":21,"column":0},"end":{"line":21,"column":52}},"10":{"start":{"line":23,"column":0},"end":{"line":23,"column":30}},"11":{"start":{"line":25,"column":0},"end":{"line":25,"column":45}},"12":{"start":{"line":27,"column":0},"end":{"line":27,"column":39}},"13":{"start":{"line":29,"column":0},"end":{"line":29,"column":53}},"14":{"start":{"line":31,"column":0},"end":{"line":31,"column":39}},"15":{"start":{"line":33,"column":0},"end":{"line":33,"column":45}},"16":{"start":{"line":35,"column":0},"end":{"line":35,"column":53}},"17":{"start":{"line":37,"column":0},"end":{"line":37,"column":59}},"18":{"start":{"line":39,"column":0},"end":{"line":39,"column":32}},"19":{"start":{"line":41,"column":0},"end":{"line":41,"column":44}},"20":{"start":{"line":43,"column":0},"end":{"line":43,"column":272}},"21":{"start":{"line":43,"column":40},"end":{"line":43,"column":270}},"22":{"start":{"line":43,"column":69},"end":{"line":43,"column":80}},"23":{"start":{"line":43,"column":90},"end":{"line":43,"column":106}},"24":{"start":{"line":43,"column":107},"end":{"line":43,"column":228}},"25":{"start":{"line":43,"column":126},"end":{"line":43,"column":226}},"26":{"start":{"line":43,"column":149},"end":{"line":43,"column":224}},"27":{"start":{"line":43,"column":201},"end":{"line":43,"column":224}},"28":{"start":{"line":43,"column":229},"end":{"line":43,"column":253}},"29":{"start":{"line":43,"column":254},"end":{"line":43,"column":268}},"30":{"start":{"line":45,"column":0},"end":{"line":45,"column":97}},"31":{"start":{"line":45,"column":39},"end":{"line":45,"column":95}},"32":{"start":{"line":47,"column":0},"end":{"line":182,"column":32}},"33":{"start":{"line":48,"column":2},"end":{"line":48,"column":55}},"34":{"start":{"line":50,"column":2},"end":{"line":69,"column":3}},"35":{"start":{"line":51,"column":4},"end":{"line":51,"column":51}},"36":{"start":{"line":53,"column":4},"end":{"line":53,"column":102}},"37":{"start":{"line":55,"column":4},"end":{"line":59,"column":6}},"38":{"start":{"line":56,"column":6},"end":{"line":56,"column":42}},"39":{"start":{"line":57,"column":6},"end":{"line":57,"column":35}},"40":{"start":{"line":58,"column":6},"end":{"line":58,"column":50}},"41":{"start":{"line":61,"column":4},"end":{"line":61,"column":89}},"42":{"start":{"line":62,"column":4},"end":{"line":62,"column":71}},"43":{"start":{"line":64,"column":4},"end":{"line":67,"column":6}},"44":{"start":{"line":68,"column":4},"end":{"line":68,"column":17}},"45":{"start":{"line":71,"column":2},"end":{"line":83,"column":4}},"46":{"start":{"line":72,"column":4},"end":{"line":72,"column":84}},"47":{"start":{"line":72,"column":77},"end":{"line":72,"column":84}},"48":{"start":{"line":74,"column":4},"end":{"line":74,"column":37}},"49":{"start":{"line":75,"column":4},"end":{"line":75,"column":76}},"50":{"start":{"line":76,"column":4},"end":{"line":76,"column":58}},"51":{"start":{"line":77,"column":4},"end":{"line":77,"column":40}},"52":{"start":{"line":77,"column":33},"end":{"line":77,"column":40}},"53":{"start":{"line":79,"column":4},"end":{"line":79,"column":40}},"54":{"start":{"line":80,"column":4},"end":{"line":82,"column":5}},"55":{"start":{"line":81,"column":6},"end":{"line":81,"column":37}},"56":{"start":{"line":85,"column":2},"end":{"line":94,"column":4}},"57":{"start":{"line":86,"column":4},"end":{"line":86,"column":27}},"58":{"start":{"line":87,"column":4},"end":{"line":87,"column":46}},"59":{"start":{"line":88,"column":4},"end":{"line":90,"column":5}},"60":{"start":{"line":89,"column":6},"end":{"line":89,"column":27}},"61":{"start":{"line":92,"column":4},"end":{"line":92,"column":35}},"62":{"start":{"line":93,"column":4},"end":{"line":93,"column":33}},"63":{"start":{"line":96,"column":2},"end":{"line":109,"column":4}},"64":{"start":{"line":97,"column":4},"end":{"line":97,"column":38}},"65":{"start":{"line":98,"column":4},"end":{"line":98,"column":27}},"66":{"start":{"line":99,"column":4},"end":{"line":99,"column":36}},"67":{"start":{"line":100,"column":4},"end":{"line":100,"column":36}},"68":{"start":{"line":102,"column":4},"end":{"line":102,"column":46}},"69":{"start":{"line":103,"column":4},"end":{"line":103,"column":28}},"70":{"start":{"line":104,"column":4},"end":{"line":104,"column":34}},"71":{"start":{"line":106,"column":4},"end":{"line":106,"column":36}},"72":{"start":{"line":106,"column":29},"end":{"line":106,"column":36}},"73":{"start":{"line":108,"column":4},"end":{"line":108,"column":36}},"74":{"start":{"line":111,"column":2},"end":{"line":119,"column":4}},"75":{"start":{"line":112,"column":4},"end":{"line":112,"column":24}},"76":{"start":{"line":113,"column":4},"end":{"line":113,"column":27}},"77":{"start":{"line":114,"column":4},"end":{"line":114,"column":46}},"78":{"start":{"line":115,"column":4},"end":{"line":115,"column":31}},"79":{"start":{"line":116,"column":4},"end":{"line":116,"column":35}},"80":{"start":{"line":116,"column":28},"end":{"line":116,"column":35}},"81":{"start":{"line":118,"column":4},"end":{"line":118,"column":36}},"82":{"start":{"line":121,"column":2},"end":{"line":123,"column":4}},"83":{"start":{"line":122,"column":4},"end":{"line":122,"column":28}},"84":{"start":{"line":125,"column":2},"end":{"line":127,"column":4}},"85":{"start":{"line":126,"column":4},"end":{"line":126,"column":26}},"86":{"start":{"line":129,"column":2},"end":{"line":131,"column":4}},"87":{"start":{"line":130,"column":4},"end":{"line":130,"column":28}},"88":{"start":{"line":133,"column":2},"end":{"line":139,"column":4}},"89":{"start":{"line":134,"column":4},"end":{"line":134,"column":91}},"90":{"start":{"line":136,"column":4},"end":{"line":136,"column":75}},"91":{"start":{"line":137,"column":4},"end":{"line":137,"column":55}},"92":{"start":{"line":138,"column":4},"end":{"line":138,"column":56}},"93":{"start":{"line":141,"column":2},"end":{"line":179,"column":4}},"94":{"start":{"line":142,"column":4},"end":{"line":142,"column":22}},"95":{"start":{"line":144,"column":4},"end":{"line":151,"column":40}},"96":{"start":{"line":152,"column":4},"end":{"line":154,"column":35}},"97":{"start":{"line":156,"column":4},"end":{"line":156,"column":40}},"98":{"start":{"line":157,"column":4},"end":{"line":168,"column":7}},"99":{"start":{"line":166,"column":8},"end":{"line":166,"column":39}},"100":{"start":{"line":169,"column":4},"end":{"line":176,"column":7}},"101":{"start":{"line":178,"column":4},"end":{"line":178,"column":46}},"102":{"start":{"line":181,"column":2},"end":{"line":181,"column":16}},"103":{"start":{"line":185,"column":0},"end":{"line":185,"column":30}},"104":{"start":{"line":186,"column":0},"end":{"line":190,"column":2}},"105":{"start":{"line":191,"column":0},"end":{"line":191,"column":25}},"106":{"start":{"line":192,"column":0},"end":{"line":192,"column":60}},"107":{"start":{"line":193,"column":0},"end":{"line":193,"column":36}}},"branchMap":{"1":{"line":43,"type":"if","locations":[{"start":{"line":43,"column":40},"end":{"line":43,"column":40}},{"start":{"line":43,"column":40},"end":{"line":43,"column":40}}]},"2":{"line":43,"type":"binary-expr","locations":[{"start":{"line":43,"column":44},"end":{"line":43,"column":47}},{"start":{"line":43,"column":51},"end":{"line":43,"column":65}}]},"3":{"line":43,"type":"if","locations":[{"start":{"line":43,"column":107},"end":{"line":43,"column":107}},{"start":{"line":43,"column":107},"end":{"line":43,"column":107}}]},"4":{"line":43,"type":"if","locations":[{"start":{"line":43,"column":149},"end":{"line":43,"column":149}},{"start":{"line":43,"column":149},"end":{"line":43,"column":149}}]},"5":{"line":45,"type":"cond-expr","locations":[{"start":{"line":45,"column":70},"end":{"line":45,"column":73}},{"start":{"line":45,"column":76},"end":{"line":45,"column":94}}]},"6":{"line":45,"type":"binary-expr","locations":[{"start":{"line":45,"column":46},"end":{"line":45,"column":49}},{"start":{"line":45,"column":53},"end":{"line":45,"column":67}}]},"7":{"line":61,"type":"cond-expr","locations":[{"start":{"line":61,"column":58},"end":{"line":61,"column":76}},{"start":{"line":61,"column":79},"end":{"line":61,"column":88}}]},"8":{"line":62,"type":"cond-expr","locations":[{"start":{"line":62,"column":44},"end":{"line":62,"column":55}},{"start":{"line":62,"column":58},"end":{"line":62,"column":70}}]},"9":{"line":72,"type":"if","locations":[{"start":{"line":72,"column":4},"end":{"line":72,"column":4}},{"start":{"line":72,"column":4},"end":{"line":72,"column":4}}]},"10":{"line":72,"type":"binary-expr","locations":[{"start":{"line":72,"column":10},"end":{"line":72,"column":30}},{"start":{"line":72,"column":34},"end":{"line":72,"column":52}},{"start":{"line":72,"column":56},"end":{"line":72,"column":74}}]},"11":{"line":75,"type":"cond-expr","locations":[{"start":{"line":75,"column":48},"end":{"line":75,"column":63}},{"start":{"line":75,"column":66},"end":{"line":75,"column":75}}]},"12":{"line":77,"type":"if","locations":[{"start":{"line":77,"column":4},"end":{"line":77,"column":4}},{"start":{"line":77,"column":4},"end":{"line":77,"column":4}}]},"13":{"line":80,"type":"if","locations":[{"start":{"line":80,"column":4},"end":{"line":80,"column":4}},{"start":{"line":80,"column":4},"end":{"line":80,"column":4}}]},"14":{"line":88,"type":"if","locations":[{"start":{"line":88,"column":4},"end":{"line":88,"column":4}},{"start":{"line":88,"column":4},"end":{"line":88,"column":4}}]},"15":{"line":106,"type":"if","locations":[{"start":{"line":106,"column":4},"end":{"line":106,"column":4}},{"start":{"line":106,"column":4},"end":{"line":106,"column":4}}]},"16":{"line":116,"type":"if","locations":[{"start":{"line":116,"column":4},"end":{"line":116,"column":4}},{"start":{"line":116,"column":4},"end":{"line":116,"column":4}}]},"17":{"line":134,"type":"cond-expr","locations":[{"start":{"line":134,"column":73},"end":{"line":134,"column":85}},{"start":{"line":134,"column":88},"end":{"line":134,"column":90}}]},"18":{"line":134,"type":"binary-expr","locations":[{"start":{"line":134,"column":20},"end":{"line":134,"column":40}},{"start":{"line":134,"column":44},"end":{"line":134,"column":70}}]}},"code":["'use strict';","","Object.defineProperty(exports, \"__esModule\", {","  value: true","});","","var _extends2 = require('babel-runtime/helpers/extends');","","var _extends3 = _interopRequireDefault(_extends2);","","var _classCallCheck2 = require('babel-runtime/helpers/classCallCheck');","","var _classCallCheck3 = _interopRequireDefault(_classCallCheck2);","","var _possibleConstructorReturn2 = require('babel-runtime/helpers/possibleConstructorReturn');","","var _possibleConstructorReturn3 = _interopRequireDefault(_possibleConstructorReturn2);","","var _inherits2 = require('babel-runtime/helpers/inherits');","","var _inherits3 = _interopRequireDefault(_inherits2);","","var _react = require('react');","","var _react2 = _interopRequireDefault(_react);","","var _propTypes = require('prop-types');","","var _propTypes2 = _interopRequireDefault(_propTypes);","","var _Track = require('./common/Track');","","var _Track2 = _interopRequireDefault(_Track);","","var _createSlider = require('./common/createSlider');","","var _createSlider2 = _interopRequireDefault(_createSlider);","","var _utils = require('./utils');","","var utils = _interopRequireWildcard(_utils);","","function _interopRequireWildcard(obj) { if (obj && obj.__esModule) { return obj; } else { var newObj = {}; if (obj != null) { for (var key in obj) { if (Object.prototype.hasOwnProperty.call(obj, key)) newObj[key] = obj[key]; } } newObj[\"default\"] = obj; return newObj; } }","","function _interopRequireDefault(obj) { return obj && obj.__esModule ? obj : { \"default\": obj }; }","","var Slider = function (_React$Component) {","  (0, _inherits3[\"default\"])(Slider, _React$Component);","","  function Slider(props) {","    (0, _classCallCheck3[\"default\"])(this, Slider);","","    var _this = (0, _possibleConstructorReturn3[\"default\"])(this, _React$Component.call(this, props));","","    _this.onEnd = function () {","      _this.setState({ dragging: false });","      _this.removeDocumentEvents();","      _this.props.onAfterChange(_this.getValue());","    };","","    var defaultValue = props.defaultValue !== undefined ? props.defaultValue : props.min;","    var value = props.value !== undefined ? props.value : defaultValue;","","    _this.state = {","      value: _this.trimAlignValue(value),","      dragging: false","    };","    return _this;","  }","","  Slider.prototype.componentWillReceiveProps = function componentWillReceiveProps(nextProps) {","    if (!('value' in nextProps || 'min' in nextProps || 'max' in nextProps)) return;","","    var prevValue = this.state.value;","    var value = nextProps.value !== undefined ? nextProps.value : prevValue;","    var nextValue = this.trimAlignValue(value, nextProps);","    if (nextValue === prevValue) return;","","    this.setState({ value: nextValue });","    if (utils.isValueOutOfRange(value, nextProps)) {","      this.props.onChange(nextValue);","    }","  };","","  Slider.prototype.onChange = function onChange(state) {","    var props = this.props;","    var isNotControlled = !('value' in props);","    if (isNotControlled) {","      this.setState(state);","    }","","    var changedValue = state.value;","    props.onChange(changedValue);","  };","","  Slider.prototype.onStart = function onStart(position) {","    this.setState({ dragging: true });","    var props = this.props;","    var prevValue = this.getValue();","    props.onBeforeChange(prevValue);","","    var value = this.calcValueByPos(position);","    this.startValue = value;","    this.startPosition = position;","","    if (value === prevValue) return;","","    this.onChange({ value: value });","  };","","  Slider.prototype.onMove = function onMove(e, position) {","    utils.pauseEvent(e);","    var state = this.state;","    var value = this.calcValueByPos(position);","    var oldValue = state.value;","    if (value === oldValue) return;","","    this.onChange({ value: value });","  };","","  Slider.prototype.getValue = function getValue() {","    return this.state.value;","  };","","  Slider.prototype.getLowerBound = function getLowerBound() {","    return this.props.min;","  };","","  Slider.prototype.getUpperBound = function getUpperBound() {","    return this.state.value;","  };","","  Slider.prototype.trimAlignValue = function trimAlignValue(v) {","    var nextProps = arguments.length > 1 && arguments[1] !== undefined ? arguments[1] : {};","","    var mergedProps = (0, _extends3[\"default\"])({}, this.props, nextProps);","    var val = utils.ensureValueInRange(v, mergedProps);","    return utils.ensureValuePrecision(val, mergedProps);","  };","","  Slider.prototype.render = function render() {","    var _this2 = this;","","    var _props = this.props,","        prefixCls = _props.prefixCls,","        vertical = _props.vertical,","        included = _props.included,","        disabled = _props.disabled,","        minimumTrackStyle = _props.minimumTrackStyle,","        handleStyle = _props.handleStyle,","        handleGenerator = _props.handle;","    var _state = this.state,","        value = _state.value,","        dragging = _state.dragging;","","    var offset = this.calcOffset(value);","    var handle = handleGenerator({","      className: prefixCls + '-handle',","      vertical: vertical,","      offset: offset,","      value: value,","      dragging: dragging,","      disabled: disabled,","      handleStyle: handleStyle,","      ref: function ref(h) {","        return _this2.saveHandle(0, h);","      }","    });","    var track = _react2[\"default\"].createElement(_Track2[\"default\"], {","      className: prefixCls + '-track',","      vertical: vertical,","      included: included,","      offset: 0,","      length: offset,","      minimumTrackStyle: minimumTrackStyle","    });","","    return { tracks: track, handles: handle };","  };","","  return Slider;","}(_react2[\"default\"].Component); /* eslint-disable react/prop-types */","","","Slider.displayName = 'Slider';","Slider.propTypes = {","  defaultValue: _propTypes2[\"default\"].number,","  value: _propTypes2[\"default\"].number,","  disabled: _propTypes2[\"default\"].bool","};","Slider.defaultProps = {};","exports[\"default\"] = (0, _createSlider2[\"default\"])(Slider);","module.exports = exports['default'];"],"l":{"3":4,"7":4,"9":4,"11":4,"13":4,"15":4,"17":4,"19":4,"21":4,"23":4,"25":0,"27":0,"29":0,"31":0,"33":0,"35":0,"37":0,"39":0,"41":0,"43":1,"45":16,"47":0,"48":0,"50":1,"51":0,"53":0,"55":0,"56":0,"57":0,"58":0,"61":0,"62":0,"64":0,"68":0,"71":0,"72":0,"74":0,"75":0,"76":0,"77":0,"79":0,"80":0,"81":0,"85":0,"86":0,"87":0,"88":0,"89":0,"92":0,"93":0,"96":0,"97":0,"98":0,"99":0,"100":0,"102":0,"103":0,"104":0,"106":0,"108":0,"111":0,"112":0,"113":0,"114":0,"115":0,"116":0,"118":0,"121":0,"122":0,"125":0,"126":0,"129":0,"130":0,"133":0,"134":0,"136":0,"137":0,"138":0,"141":0,"142":0,"144":0,"152":0,"156":0,"157":0,"166":0,"169":0,"178":0,"181":0,"185":0,"186":0,"191":0,"192":0,"193":0}},"/home/travis/build/npmtest/node-npmtest-rc-slider/node_modules/rc-slider/lib/createSliderWithTooltip.js":{"path":"/home/travis/build/npmtest/node-npmtest-rc-slider/node_modules/rc-slider/lib/createSliderWithTooltip.js","s":{"1":2,"2":2,"3":2,"4":2,"5":2,"6":2,"7":2,"8":2,"9":2,"10":2,"11":2,"12":2,"13":2,"14":2,"15":2,"16":0,"17":0,"18":0,"19":0,"20":0,"21":0,"22":0,"23":1,"24":12,"25":1,"26":0,"27":0,"28":0,"29":1,"30":0,"31":0,"32":0,"33":0,"34":0,"35":0,"36":0,"37":0,"38":0,"39":0,"40":0,"41":0,"42":0,"43":0,"44":0,"45":0,"46":0},"b":{"1":[12,0],"2":[12,12],"3":[0,0,0]},"f":{"1":12,"2":0,"3":0,"4":0,"5":0,"6":0,"7":0,"8":0,"9":0,"10":0},"fnMap":{"1":{"name":"_interopRequireDefault","line":49,"loc":{"start":{"line":49,"column":0},"end":{"line":49,"column":37}}},"2":{"name":"createSliderWithTooltip","line":51,"loc":{"start":{"line":51,"column":0},"end":{"line":51,"column":44}}},"3":{"name":"(anonymous_3)","line":54,"loc":{"start":{"line":54,"column":26},"end":{"line":54,"column":54}}},"4":{"name":"ComponentWrapper","line":57,"loc":{"start":{"line":57,"column":4},"end":{"line":57,"column":37}}},"5":{"name":"(anonymous_5)","line":62,"loc":{"start":{"line":62,"column":41},"end":{"line":62,"column":67}}},"6":{"name":"(anonymous_6)","line":68,"loc":{"start":{"line":68,"column":32},"end":{"line":68,"column":48}}},"7":{"name":"onMouseEnter","line":86,"loc":{"start":{"line":86,"column":26},"end":{"line":86,"column":50}}},"8":{"name":"onMouseLeave","line":89,"loc":{"start":{"line":89,"column":26},"end":{"line":89,"column":50}}},"9":{"name":"render","line":100,"loc":{"start":{"line":100,"column":40},"end":{"line":100,"column":58}}},"10":{"name":"tipFormatter","line":108,"loc":{"start":{"line":108,"column":18},"end":{"line":108,"column":47}}}},"statementMap":{"1":{"start":{"line":3,"column":0},"end":{"line":5,"column":3}},"2":{"start":{"line":7,"column":0},"end":{"line":7,"column":89}},"3":{"start":{"line":9,"column":0},"end":{"line":9,"column":82}},"4":{"start":{"line":11,"column":0},"end":{"line":11,"column":71}},"5":{"start":{"line":13,"column":0},"end":{"line":13,"column":64}},"6":{"start":{"line":15,"column":0},"end":{"line":15,"column":57}},"7":{"start":{"line":17,"column":0},"end":{"line":17,"column":50}},"8":{"start":{"line":19,"column":0},"end":{"line":19,"column":71}},"9":{"start":{"line":21,"column":0},"end":{"line":21,"column":64}},"10":{"start":{"line":23,"column":0},"end":{"line":23,"column":93}},"11":{"start":{"line":25,"column":0},"end":{"line":25,"column":86}},"12":{"start":{"line":27,"column":0},"end":{"line":27,"column":59}},"13":{"start":{"line":29,"column":0},"end":{"line":29,"column":52}},"14":{"start":{"line":31,"column":0},"end":{"line":31,"column":45}},"15":{"start":{"line":33,"column":0},"end":{"line":33,"column":30}},"16":{"start":{"line":35,"column":0},"end":{"line":35,"column":45}},"17":{"start":{"line":37,"column":0},"end":{"line":37,"column":39}},"18":{"start":{"line":39,"column":0},"end":{"line":39,"column":53}},"19":{"start":{"line":41,"column":0},"end":{"line":41,"column":39}},"20":{"start":{"line":43,"column":0},"end":{"line":43,"column":53}},"21":{"start":{"line":45,"column":0},"end":{"line":45,"column":34}},"22":{"start":{"line":47,"column":0},"end":{"line":47,"column":47}},"23":{"start":{"line":49,"column":0},"end":{"line":49,"column":97}},"24":{"start":{"line":49,"column":39},"end":{"line":49,"column":95}},"25":{"start":{"line":51,"column":0},"end":{"line":112,"column":1}},"26":{"start":{"line":52,"column":2},"end":{"line":52,"column":20}},"27":{"start":{"line":54,"column":2},"end":{"line":111,"column":11}},"28":{"start":{"line":55,"column":4},"end":{"line":55,"column":67}},"29":{"start":{"line":57,"column":4},"end":{"line":98,"column":5}},"30":{"start":{"line":58,"column":6},"end":{"line":58,"column":63}},"31":{"start":{"line":60,"column":6},"end":{"line":60,"column":104}},"32":{"start":{"line":62,"column":6},"end":{"line":66,"column":8}},"33":{"start":{"line":63,"column":8},"end":{"line":65,"column":11}},"34":{"start":{"line":68,"column":6},"end":{"line":94,"column":8}},"35":{"start":{"line":69,"column":8},"end":{"line":73,"column":116}},"36":{"start":{"line":74,"column":8},"end":{"line":74,"column":52}},"37":{"start":{"line":76,"column":8},"end":{"line":93,"column":10}},"38":{"start":{"line":87,"column":14},"end":{"line":87,"column":67}},"39":{"start":{"line":90,"column":14},"end":{"line":90,"column":68}},"40":{"start":{"line":96,"column":6},"end":{"line":96,"column":37}},"41":{"start":{"line":97,"column":6},"end":{"line":97,"column":19}},"42":{"start":{"line":100,"column":4},"end":{"line":102,"column":6}},"43":{"start":{"line":101,"column":6},"end":{"line":101,"column":136}},"44":{"start":{"line":104,"column":4},"end":{"line":104,"column":28}},"45":{"start":{"line":109,"column":6},"end":{"line":109,"column":19}},"46":{"start":{"line":113,"column":0},"end":{"line":113,"column":36}}},"branchMap":{"1":{"line":49,"type":"cond-expr","locations":[{"start":{"line":49,"column":70},"end":{"line":49,"column":73}},{"start":{"line":49,"column":76},"end":{"line":49,"column":94}}]},"2":{"line":49,"type":"binary-expr","locations":[{"start":{"line":49,"column":46},"end":{"line":49,"column":49}},{"start":{"line":49,"column":53},"end":{"line":49,"column":67}}]},"3":{"line":81,"type":"binary-expr","locations":[{"start":{"line":81,"column":21},"end":{"line":81,"column":30}},{"start":{"line":81,"column":35},"end":{"line":81,"column":62}},{"start":{"line":81,"column":66},"end":{"line":81,"column":74}}]}},"code":["'use strict';","","Object.defineProperty(exports, \"__esModule\", {","  value: true","});","","var _objectWithoutProperties2 = require('babel-runtime/helpers/objectWithoutProperties');","","var _objectWithoutProperties3 = _interopRequireDefault(_objectWithoutProperties2);","","var _defineProperty2 = require('babel-runtime/helpers/defineProperty');","","var _defineProperty3 = _interopRequireDefault(_defineProperty2);","","var _extends3 = require('babel-runtime/helpers/extends');","","var _extends4 = _interopRequireDefault(_extends3);","","var _classCallCheck2 = require('babel-runtime/helpers/classCallCheck');","","var _classCallCheck3 = _interopRequireDefault(_classCallCheck2);","","var _possibleConstructorReturn2 = require('babel-runtime/helpers/possibleConstructorReturn');","","var _possibleConstructorReturn3 = _interopRequireDefault(_possibleConstructorReturn2);","","var _inherits2 = require('babel-runtime/helpers/inherits');","","var _inherits3 = _interopRequireDefault(_inherits2);","","exports[\"default
[...]
0,"127":0,"128":0,"131":0,"132":0,"133":0,"134":0,"137":0,"138":0,"141":0,"142":0,"145":0,"146":0,"150":0,"153":0,"154":0,"157":0,"158":0,"159":0,"162":0,"164":0,"165":0,"168":0,"169":0,"170":0,"173":0,"175":0,"176":0,"178":0,"179":0,"183":0,"184":0,"185":0,"187":0,"190":0,"191":0,"192":0,"193":0,"196":0,"199":0,"200":0,"205":0,"206":0,"207":0,"210":0,"211":0,"212":0,"213":0,"216":0,"217":0,"221":0,"222":0,"225":0,"226":0,"229":0,"230":0,"232":0,"247":0,"251":0,"253":0,"291":0,"320":0,"323":0,"324":0,"325":0,"340":0}},"/home/travis/build/npmtest/node-npmtest-rc-slider/node_modules/rc-slider/lib/common/Marks.js":{"path":"/home/travis/build/npmtest/node-npmtest-rc-slider/node_modules/rc-slider/lib/common/Marks.js","s":{"1":2,"2":2,"3":2,"4":2,"5":2,"6":2,"7":2,"8":2,"9":0,"10":0,"11":0,"12":1,"13":6,"14":0,"15":0,"16":0,"17":0,"18":0,"19":0,"20":0,"21":0,"22":0,"23":0,"24":0,"25":0,"26":0,"27":0,"28":0,"29":0,"30":0,"31":0,"32":0,"33":0,"34":0,"35":0,"36":0},"b":{"1":[6,0],"2":[6,6],"3":[0,0,0,0,0],"4":[0,0],"5":[0,0],"6":[0,0],"7":[0,0],"8":[0,0]},"f":{"1":6,"2":0,"3":0,"4":0},"fnMap":{"1":{"name":"_interopRequireDefault","line":27,"loc":{"start":{"line":27,"column":0},"end":{"line":27,"column":37}}},"2":{"name":"Marks","line":29,"loc":{"start":{"line":29,"column":12},"end":{"line":29,"column":33}}},"3":{"name":"(anonymous_3)","line":45,"loc":{"start":{"line":45,"column":48},"end":{"line":45,"column":64}}},"4":{"name":"(anonymous_4)","line":47,"loc":{"start":{"line":47,"column":9},"end":{"line":47,"column":26}}}},"statementMap":{"1":{"start":{"line":3,"column":0},"end":{"line":5,"column":3}},"2":{"start":{"line":7,"column":0},"end":{"line":7,"column":57}},"3":{"start":{"line":9,"column":0},"end":{"line":9,"column":50}},"4":{"start":{"line":11,"column":0},"end":{"line":11,"column":55}},"5":{"start":{"line":13,"column":0},"end":{"line":13,"column":48}},"6":{"start":{"line":15,"column":0},"end":{"line":15,"column":71}},"7":{"start":{"line":17,"column":0},"end":{"line":17,"column":64}},"8":{"start":{"line":19,"column":0},"end":{"line":19,"column":30}},"9":{"start":{"line":21,"column":0},"end":{"line":21,"column":45}},"10":{"start":{"line":23,"column":0},"end":{"line":23,"column":40}},"11":{"start":{"line":25,"column":0},"end":{"line":25,"column":55}},"12":{"start":{"line":27,"column":0},"end":{"line":27,"column":97}},"13":{"start":{"line":27,"column":39},"end":{"line":27,"column":95}},"14":{"start":{"line":29,"column":0},"end":{"line":86,"column":2}},"15":{"start":{"line":30,"column":2},"end":{"line":37,"column":21}},"16":{"start":{"line":39,"column":2},"end":{"line":39,"column":37}},"17":{"start":{"line":40,"column":2},"end":{"line":40,"column":36}},"18":{"start":{"line":41,"column":2},"end":{"line":41,"column":36}},"19":{"start":{"line":42,"column":2},"end":{"line":42,"column":29}},"20":{"start":{"line":44,"column":2},"end":{"line":44,"column":24}},"21":{"start":{"line":45,"column":2},"end":{"line":79,"column":5}},"22":{"start":{"line":46,"column":4},"end":{"line":46,"column":17}},"23":{"start":{"line":48,"column":4},"end":{"line":48,"column":20}},"24":{"start":{"line":50,"column":4},"end":{"line":50,"column":111}},"25":{"start":{"line":51,"column":4},"end":{"line":51,"column":245}},"26":{"start":{"line":53,"column":4},"end":{"line":56,"column":6}},"27":{"start":{"line":58,"column":4},"end":{"line":62,"column":6}},"28":{"start":{"line":64,"column":4},"end":{"line":64,"column":51}},"29":{"start":{"line":66,"column":4},"end":{"line":66,"column":33}},"30":{"start":{"line":67,"column":4},"end":{"line":67,"column":177}},"31":{"start":{"line":68,"column":4},"end":{"line":68,"column":68}},"32":{"start":{"line":69,"column":4},"end":{"line":69,"column":102}},"33":{"start":{"line":70,"column":4},"end":{"line":78,"column":6}},"34":{"start":{"line":81,"column":2},"end":{"line":85,"column":4}},"35":{"start":{"line":88,"column":0},"end":{"line":88,"column":27}},"36":{"start":{"line":89,"column":0},"end":{"line":89,"column":36}}},"branchMap":{"1":{"line":27,"type":"cond-expr","locations":[{"start":{"line":27,"column":70},"end":{"line":27,"column":73}},{"start":{"line":27,"column":76},"end":{"line":27,"column":94}}]},"2":{"line":27,"type":"binary-expr","locations":[{"start":{"line":27,"column":46},"end":{"line":27,"column":49}},{"start":{"line":27,"column":53},"end":{"line":27,"column":67}}]},"3":{"line":50,"type":"binary-expr","locations":[{"start":{"line":50,"column":19},"end":{"line":50,"column":28}},{"start":{"line":50,"column":32},"end":{"line":50,"column":52}},{"start":{"line":50,"column":56},"end":{"line":50,"column":64}},{"start":{"line":50,"column":68},"end":{"line":50,"column":87}},{"start":{"line":50,"column":91},"end":{"line":50,"column":110}}]},"4":{"line":64,"type":"cond-expr","locations":[{"start":{"line":64,"column":27},"end":{"line":64,"column":38}},{"start":{"line":64,"column":41},"end":{"line":64,"column":50}}]},"5":{"line":67,"type":"binary-expr","locations":[{"start":{"line":67,"column":28},"end":{"line":67,"column":127}},{"start":{"line":67,"column":131},"end":{"line":67,"column":176}}]},"6":{"line":67,"type":"cond-expr","locations":[{"start":{"line":67,"column":64},"end":{"line":67,"column":75}},{"start":{"line":67,"column":78},"end":{"line":67,"column":113}}]},"7":{"line":68,"type":"cond-expr","locations":[{"start":{"line":68,"column":40},"end":{"line":68,"column":55}},{"start":{"line":68,"column":58},"end":{"line":68,"column":67}}]},"8":{"line":69,"type":"cond-expr","locations":[{"start":{"line":69,"column":40},"end":{"line":69,"column":93}},{"start":{"line":69,"column":96},"end":{"line":69,"column":101}}]}},"code":["'use strict';","","Object.defineProperty(exports, \"__esModule\", {","  value: true","});","","var _extends2 = require('babel-runtime/helpers/extends');","","var _extends3 = _interopRequireDefault(_extends2);","","var _typeof2 = require('babel-runtime/helpers/typeof');","","var _typeof3 = _interopRequireDefault(_typeof2);","","var _defineProperty2 = require('babel-runtime/helpers/defineProperty');","","var _defineProperty3 = _interopRequireDefault(_defineProperty2);","","var _react = require('react');","","var _react2 = _interopRequireDefault(_react);","","var _classnames = require('classnames');","","var _classnames2 = _interopRequireDefault(_classnames);","","function _interopRequireDefault(obj) { return obj && obj.__esModule ? obj : { \"default\": obj }; }","","var Marks = function Marks(_ref) {","  var className = _ref.className,","      vertical = _ref.vertical,","      marks = _ref.marks,","      included = _ref.included,","      upperBound = _ref.upperBound,","      lowerBound = _ref.lowerBound,","      max = _ref.max,","      min = _ref.min;","","  var marksKeys = Object.keys(marks);","  var marksCount = marksKeys.length;","  var unit = 100 / (marksCount - 1);","  var markWidth = unit * 0.9;","","  var range = max - min;","  var elements = marksKeys.map(parseFloat).sort(function (a, b) {","    return a - b;","  }).map(function (point) {","    var _classNames;","","    var isActive = !included && point === upperBound || included && point <= upperBound && point >= lowerBound;","    var markClassName = (0, _classnames2[\"default\"])((_classNames = {}, (0, _defineProperty3[\"default\"])(_classNames, className + '-text', true), (0, _defineProperty3[\"default\"])(_classNames, className + '-text-active', isActive), _classNames));","","    var bottomStyle = {","      marginBottom: '-50%',","      bottom: (point - min) / range * 100 + '%'","    };","","    var leftStyle = {","      width: markWidth + '%',","      marginLeft: -markWidth / 2 + '%',","      left: (point - min) / range * 100 + '%'","    };","","    var style = vertical ? bottomStyle : leftStyle;","","    var markPoint = marks[point];","    var markPointIsObject = (typeof markPoint === 'undefined' ? 'undefined' : (0, _typeof3[\"default\"])(markPoint)) === 'object' && !_react2[\"default\"].isValidElement(markPoint);","    var markLabel = markPointIsObject ? markPoint.label : markPoint;","    var markStyle = markPointIsObject ? (0, _extends3[\"default\"])({}, style, markPoint.style) : style;","    return _react2[\"default\"].createElement(","      'span',","      {","        className: markClassName,","        style: markStyle,","        key: point","      },","      markLabel","    );","  });","","  return _react2[\"default\"].createElement(","    'div',","    { className: className },","    elements","  );","};","","exports[\"default\"] = Marks;","module.exports = exports['default'];"],"l":{"3":2,"7":2,"9":2,"11":2,"13":2,"15":2,"17":2,"19":2,"21":0,"23":0,"25":0,"27":6,"29":0,"30":0,"39":0,"40":0,"41":0,"42":0,"44":0,"45":0,"46":0,"48":0,"50":0,"51":0,"53":0,"58":0,"64":0,"66":0,"67":0,"68":0,"69":0,"70":0,"81":0,"88":0,"89":0}},"/home/travis/build/npmtest/node-npmtest-rc-slider/node_modules/rc-slider/lib/common/Steps.js":{"path":"/home/travis/build/npmtest/node-npmtest-rc-slider/node_modules/rc-slider/lib/common/Steps.js","s":{"1":2,"2":2,"3":2,"4":2,"5":0,"6":0,"7":0,"8":0,"9":0,"10":1,"11":2,"12":0,"13":0,"14":0,"15":0,"16":0,"17":0,"18":0,"19":0,"20":0,"21":0,"22":0,"23":0,"24":0,"25":0,"26":0,"27":0,"28":0,"29":0,"30":0,"31":0,"32":0,"33":0},"b":{"1":[2,0],"2":[2,2],"3":[0,0],"4":[0,0],"5":[0,0],"6":[0,0],"7":[0,0,0,0,0]},"f":{"1":2,"2":0,"3":0,"4":0},"fnMap":{"1":{"name":"_interopRequireDefault","line":23,"loc":{"start":{"line":23,"column":0},"end":{"line":23,"column":37}}},"2":{"name":"calcPoints","line":25,"loc":{"start":{"line":25,"column":17},"end":{"line":25,"column":76}}},"3":{"name":"Steps","line":37,"loc":{"start":{"line":37,"column":12},"end":{"line":37,"column":33}}},"4":{"name":"(anonymous_4)","line":50,"loc":{"start":{"line":50,"column":71},"end":{"line":50,"column":88}}}},"statementMap":{"1":{"start":{"line":3,"column":0},"end":{"line":5,"column":3}},"2":{"start":{"line":7,"column":0},"end":{"line":7,"column":71}},"3":{"start":{"line":9,"column":0},"end":{"line":9,"column":64}},"4":{"start":{"line":11,"column":0},"end":{"line":11,"column":30}},"5":{"start":{"line":13,"column":0},"end":{"line":13,"column":45}},"6":{"start":{"line":15,"column":0},"end":{"line":15,"column":40}},"7":{"start":{"line":17,"column":0},"end":{"line":17,"column":55}},"8":{"start":{"line":19,"column":0},"end":{"line":19,"column":34}},"9":{"start":{"line":21,"column":0},"end":{"line":21,"column":49}},"10":{"start":{"line":23,"column":0},"end":{"line":23,"column":97}},"11":{"start":{"line":23,"column":39},"end":{"line":23,"column":95}},"12":{"start":{"line":25,"column":0},"end":{"line":35,"column":2}},"13":{"start":{"line":26,"column":2},"end":{"line":26,"column":134}},"14":{"start":{"line":27,"column":2},"end":{"line":27,"column":50}},"15":{"start":{"line":28,"column":2},"end":{"line":33,"column":3}},"16":{"start":{"line":29,"column":4},"end":{"line":32,"column":5}},"17":{"start":{"line":30,"column":6},"end":{"line":30,"column":43}},"18":{"start":{"line":30,"column":34},"end":{"line":30,"column":43}},"19":{"start":{"line":31,"column":6},"end":{"line":31,"column":21}},"20":{"start":{"line":34,"column":2},"end":{"line":34,"column":16}},"21":{"start":{"line":37,"column":0},"end":{"line":67,"column":2}},"22":{"start":{"line":38,"column":2},"end":{"line":47,"column":21}},"23":{"start":{"line":49,"column":2},"end":{"line":49,"column":24}},"24":{"start":{"line":50,"column":2},"end":{"line":60,"column":5}},"25":{"start":{"line":51,"column":4},"end":{"line":51,"column":20}},"26":{"start":{"line":53,"column":4},"end":{"line":53,"column":59}},"27":{"start":{"line":54,"column":4},"end":{"line":54,"column":65}},"28":{"start":{"line":56,"column":4},"end":{"line":56,"column":112}},"29":{"start":{"line":57,"column":4},"end":{"line":57,"column":245}},"30":{"start":{"line":59,"column":4},"end":{"line":59,"column":109}},"31":{"start":{"line":62,"column":2},"end":{"line":66,"column":4}},"32":{"start":{"line":69,"column":0},"end":{"line":69,"column":27}},"33":{"start":{"line":70,"column":0},"end":{"line":70,"column":36}}},"branchMap":{"1":{"line":23,"type":"cond-expr","locations":[{"start":{"line":23,"column":70},"end":{"line":23,"column":73}},{"start":{"line":23,"column":76},"end":{"line":23,"column":94}}]},"2":{"line":23,"type":"binary-expr","locations":[{"start":{"line":23,"column":46},"end":{"line":23,"column":49}},{"start":{"line":23,"column":53},"end":{"line":23,"column":67}}]},"3":{"line":26,"type":"cond-expr","locations":[{"start":{"line":26,"column":35},"end":{"line":26,"column":43}},{"start":{"line":26,"column":46},"end":{"line":26,"column":50}}]},"4":{"line":28,"type":"if","locations":[{"start":{"line":28,"column":2},"end":{"line":28,"column":2}},{"start":{"line":28,"column":2},"end":{"line":28,"column":2}}]},"5":{"line":30,"type":"if","locations":[{"start":{"line":30,"column":6},"end":{"line":30,"column":6}},{"start":{"line":30,"column":6},"end":{"line":30,"column":6}}]},"6":{"line":54,"type":"cond-expr","locations":[{"start":{"line":54,"column":27},"end":{"line":54,"column":45}},{"start":{"line":54,"column":48},"end":{"line":54,"column":64}}]},"7":{"line":56,"type":"binary-expr","locations":[{"start":{"line":56,"column":20},"end":{"line":56,"column":29}},{"start":{"line":56,"column":33},"end":{"line":56,"column":53}},{"start":{"line":56,"column":57},"end":{"line":56,"column":65}},{"start":{"line":56,"column":69},"end":{"line":56,"column":88}},{"start":{"line":56,"column":92},"end":{"line":56,"column":111}}]}},"code":["'use strict';","","Object.defineProperty(exports, \"__esModule\", {","  value: true","});","","var _defineProperty2 = require('babel-runtime/helpers/defineProperty');","","var _defineProperty3 = _interopRequireDefault(_defineProperty2);","","var _react = require('react');","","var _react2 = _interopRequireDefault(_react);","","var _classnames = require('classnames');","","var _classnames2 = _interopRequireDefault(_classnames);","","var _warning = require('warning');","","var _warning2 = _interopRequireDefault(_warning);","","function _interopRequireDefault(obj) { return obj && obj.__esModule ? obj : { \"default\": obj }; }","","var calcPoints = function calcPoints(vertical, marks, dots, step, min, max) {","  (0, _warning2[\"default\"])(dots ? step > 0 : true, '`Slider[step]` should be a positive number in order to make Slider[dots] work.');","  var points = Object.keys(marks).map(parseFloat);","  if (dots) {","    for (var i = min; i <= max; i = i + step) {","      if (points.indexOf(i) >= 0) continue;","      points.push(i);","    }","  }","  return points;","};","","var Steps = function Steps(_ref) {","  var prefixCls = _ref.prefixCls,","      vertical = _ref.vertical,","      marks = _ref.marks,","      dots = _ref.dots,","      step = _ref.step,","      included = _ref.included,","      lowerBound = _ref.lowerBound,","      upperBound = _ref.upperBound,","      max = _ref.max,","      min = _ref.min;","","  var range = max - min;","  var elements = calcPoints(vertical, marks, dots, step, min, max).map(function (point) {","    var _classNames;","","    var offset = Math.abs(point - min) / range * 100 + '%';","    var style = vertical ? { bottom: offset } : { left: offset };","","    var isActived = !included && point === upperBound || included && point <= upperBound && point >= lowerBound;","    var pointClassName = (0, _classnames2[\"default\"])((_classNames = {}, (0, _defineProperty3[\"default\"])(_classNames, prefixCls + '-dot', true), (0, _defineProperty3[\"default\"])(_classNames, prefixCls + '-dot-active', isActived), _classNames));","","    return _react2[\"default\"].createElement('span', { className: pointClassName, style: style, key: point });","  });","","  return _react2[\"default\"].createElement(","    'div',","    { className: prefixCls + '-step' },","    elements","  );","};","","exports[\"default\"] = Steps;","module.exports = exports['default'];"],"l":{"3":2,"7":2,"9":2,"11":2,"13":0,"15":0,"17":0,"19":0,"21":0,"23":2,"25":0,"26":0,"27":0,"28":0,"29":0,"30":0,"31":0,"34":0,"37":0,"38":0,"49":0,"50":0,"51":0,"53":0,"54":0,"56":0,"57":0,"59":0,"62":0,"69":0,"70":0}},"/home/travis/build/npmtest/node-npmtest-rc-slider/node_modules/rc-slider/lib/common/Track.js":{"path":"/home/travis/build/npmtest/node-npmtest-rc-slider/node_modules/rc-slider/lib/common/Track.js","s":{"1":2,"2":2,"3":2,"4":2,"5":0,"6":1,"7":2,"8":0,"9":0,"10":0,"11":0,"12":0,"13":0,"14":0,"15":0,"16":0,"17":0,"18":0,"19":0},"b":{"1":[2,0],"2":[2,2],"3":[0,0],"4":[0,0]},"f":{"1":2,"2":0},"fnMap":{"1":{"name":"_interopRequireDefault","line":15,"loc":{"start":{"line":15,"column":0},"end":{"line":15,"column":37}}},"2":{"name":"Track","line":17,"loc":{"start":{"line":17,"column":12},"end":{"line":17,"column":33}}}},"statementMap":{"1":{"start":{"line":3,"column":0},"end":{"line":5,"column":3}},"2":{"start":{"line":7,"column":0},"end":{"line":7,"column":57}},"3":{"start":{"line":9,"column":0},"end":{"line":9,"column":50}},"4":{"start":{"line":11,"column":0},"end":{"line":11,"column":30}},"5":{"start":{"line":13,"column":0},"end":{"line":13,"column":45}},"6":{"start":{"line":15,"column":0},"end":{"line":15,"column":97}},"7":{"start":{"line":15,"column":39},"end":{"line":15,"column":95}},"8":{"start":{"line":17,"column":0},"end":{"line":37,"column":2}},"9":{"start":{"line":18,"column":2},"end":{"line":23,"column":49}},"10":{"start":{"line":25,"column":2},"end":{"line":27,"column":4}},"11":{"start":{"line":28,"column":2},"end":{"line":34,"column":3}},"12":{"start":{"line":29,"column":4},"end":{"line":29,"column":32}},"13":{"start":{"line":30,"column":4},"end":{"line":30,"column":32}},"14":{"start":{"line":32,"column":4},"end":{"line":32,"column":30}},"15":{"start":{"line":33,"column":4},"end":{"line":33,"column":31}},"16":{"start":{"line":35,"column":2},"end":{"line":35,"column":72}},"17":{"start":{"line":36,"column":2},"end":{"line":36,"column":91}},"18":{"start":{"line":39,"column":0},"end":{"line":39,"column":27}},"19":{"start":{"line":40,"column":0},"end":{"line":40,"column":36}}},"branchMap":{"1":{"line":15,"type":"cond-expr","locations":[{"start":{"line":15,"column":70},"end":{"line":15,"column":73}},{"start":{"line":15,"column":76},"end":{"line":15,"column":94}}]},"2":{"line":15,"type":"binary-expr","locations":[{"start":{"line":15,"column":46},"end":{"line":15,"column":49}},{"start":{"line":15,"column":53},"end":{"line":15,"column":67}}]},"3":{"line":26,"type":"cond-expr","locations":[{"start":{"line":26,"column":27},"end":{"line":26,"column":36}},{"start":{"line":26,"column":39},"end":{"line":26,"column":47}}]},"4":{"line":28,"type":"if","locations":[{"start":{"line":28,"column":2},"end":{"line":28,"column":2}},{"start":{"line":28,"column":2},"end":{"line":28,"column":2}}]}},"code":["'use strict';","","Object.defineProperty(exports, \"__esModule\", {","  value: true","});","","var _extends2 = require('babel-runtime/helpers/extends');","","var _extends3 = _interopRequireDefault(_extends2);","","var _react = require('react');","","var _react2 = _interopRequireDefault(_react);","","function _interopRequireDefault(obj) { return obj && obj.__esModule ? obj : { \"default\": obj }; }","","var Track = function Track(_ref) {","  var className = _ref.className,","      included = _ref.included,","      vertical = _ref.vertical,","      offset = _ref.offset,","      length = _ref.length,","      minimumTrackStyle = _ref.minimumTrackStyle;","","  var style = {","    visibility: included ? 'visible' : 'hidden'","  };","  if (vertical) {","    style.bottom = offset + '%';","    style.height = length + '%';","  } else {","    style.left = offset + '%';","    style.width = length + '%';","  }","  var elStyle = (0, _extends3[\"default\"])({}, style, minimumTrackStyle);","  return _react2[\"default\"].createElement('div', { className: className, style: elStyle });","};","","exports[\"default\"] = Track;","module.exports = exports['default'];"],"l":{"3":2,"7":2,"9":2,"11":2,"13":0,"15":2,"17":0,"18":0,"25":0,"28":0,"29":0,"30":0,"32":0,"33":0,"35":0,"36":0,"39":0,"40":0}}}